<?xml version="1.0" encoding="UTF-8" ?>
<testsuite tests="6" failures="6" name="cz.mdostal.monolithicshop.dao.CustomerDaoTest" time="0.768" errors="0" skipped="0">
  <properties>
[...]
</properties>
  <testcase classname="cz.mdostal.monolithicshop.dao.CustomerDaoTest" name="testGetCustomerById" time="0.236">
    <failure type="java.lang.AssertionError">java.lang.AssertionError
	at org.junit.Assert.fail(Assert.java:86)
	at org.junit.Assert.assertTrue(Assert.java:41)
	at org.junit.Assert.assertTrue(Assert.java:52)
	at cz.mdostal.monolithicshop.dao.CustomerDaoTest.testGetCustomerById(CustomerDaoTest.java:84)
	at sun.reflect.NativeMethodAccessorImpl.invoke0(Native Method)
	at sun.reflect.NativeMethodAccessorImpl.invoke(NativeMethodAccessorImpl.java:62)
	at sun.reflect.DelegatingMethodAccessorImpl.invoke(DelegatingMethodAccessorImpl.java:43)
	at java.lang.reflect.Method.invoke(Method.java:498)
	at org.junit.runners.model.FrameworkMethod$1.runReflectiveCall(FrameworkMethod.java:50)
	at org.junit.internal.runners.model.ReflectiveCallable.run(ReflectiveCallable.java:12)
	at org.junit.runners.model.FrameworkMethod.invokeExplosively(FrameworkMethod.java:47)
	at org.junit.internal.runners.statements.InvokeMethod.evaluate(InvokeMethod.java:17)
	at org.springframework.test.context.junit4.statements.RunBeforeTestExecutionCallbacks.evaluate(RunBeforeTestExecutionCallbacks.java:74)
	at org.springframework.test.context.junit4.statements.RunAfterTestExecutionCallbacks.evaluate(RunAfterTestExecutionCallbacks.java:84)
	at org.junit.internal.runners.statements.RunBefores.evaluate(RunBefores.java:26)
	at org.springframework.test.context.junit4.statements.RunBeforeTestMethodCallbacks.evaluate(RunBeforeTestMethodCallbacks.java:75)
	at org.springframework.test.context.junit4.statements.RunAfterTestMethodCallbacks.evaluate(RunAfterTestMethodCallbacks.java:86)
	at org.springframework.test.context.junit4.statements.SpringRepeat.evaluate(SpringRepeat.java:84)
	at org.junit.runners.ParentRunner.runLeaf(ParentRunner.java:325)
	at org.springframework.test.context.junit4.SpringJUnit4ClassRunner.runChild(SpringJUnit4ClassRunner.java:251)
	at org.springframework.test.context.junit4.SpringJUnit4ClassRunner.runChild(SpringJUnit4ClassRunner.java:97)
	at org.junit.runners.ParentRunner$3.run(ParentRunner.java:290)
	at org.junit.runners.ParentRunner$1.schedule(ParentRunner.java:71)
	at org.junit.runners.ParentRunner.runChildren(ParentRunner.java:288)
	at org.junit.runners.ParentRunner.access$000(ParentRunner.java:58)
	at org.junit.runners.ParentRunner$2.evaluate(ParentRunner.java:268)
	at org.springframework.test.context.junit4.statements.RunBeforeTestClassCallbacks.evaluate(RunBeforeTestClassCallbacks.java:61)
	at org.springframework.test.context.junit4.statements.RunAfterTestClassCallbacks.evaluate(RunAfterTestClassCallbacks.java:70)
	at org.junit.runners.ParentRunner.run(ParentRunner.java:363)
	at org.springframework.test.context.junit4.SpringJUnit4ClassRunner.run(SpringJUnit4ClassRunner.java:190)
	at org.apache.maven.surefire.junit4.JUnit4Provider.execute(JUnit4Provider.java:252)
	at org.apache.maven.surefire.junit4.JUnit4Provider.executeTestSet(JUnit4Provider.java:141)
	at org.apache.maven.surefire.junit4.JUnit4Provider.invoke(JUnit4Provider.java:112)
	at sun.reflect.NativeMethodAccessorImpl.invoke0(Native Method)
	at sun.reflect.NativeMethodAccessorImpl.invoke(NativeMethodAccessorImpl.java:62)
	at sun.reflect.DelegatingMethodAccessorImpl.invoke(DelegatingMethodAccessorImpl.java:43)
	at java.lang.reflect.Method.invoke(Method.java:498)
	at org.apache.maven.surefire.util.ReflectionUtils.invokeMethodWithArray(ReflectionUtils.java:189)
	at org.apache.maven.surefire.booter.ProviderFactory$ProviderProxy.invoke(ProviderFactory.java:165)
	at org.apache.maven.surefire.booter.ProviderFactory.invokeProvider(ProviderFactory.java:85)
	at org.apache.maven.surefire.booter.ForkedBooter.runSuitesInProcess(ForkedBooter.java:115)
	at org.apache.maven.surefire.booter.ForkedBooter.main(ForkedBooter.java:75)
</failure>
    <system-out>15:11:51.817 [main] DEBUG org.springframework.test.context.junit4.SpringJUnit4ClassRunner - SpringJUnit4ClassRunner constructor called with [class cz.mdostal.monolithicshop.dao.CustomerDaoTest]
15:11:51.823 [main] DEBUG org.springframework.test.context.BootstrapUtils - Instantiating CacheAwareContextLoaderDelegate from class [org.springframework.test.context.cache.DefaultCacheAwareContextLoaderDelegate]
15:11:51.832 [main] DEBUG org.springframework.test.context.BootstrapUtils - Instantiating BootstrapContext using constructor [public org.springframework.test.context.support.DefaultBootstrapContext(java.lang.Class,org.springframework.test.context.CacheAwareContextLoaderDelegate)]
15:11:51.878 [main] DEBUG org.springframework.test.context.BootstrapUtils - Instantiating TestContextBootstrapper for test class [cz.mdostal.monolithicshop.dao.CustomerDaoTest] from class [org.springframework.test.context.support.DefaultTestContextBootstrapper]
15:11:51.899 [main] DEBUG org.springframework.test.context.support.DefaultTestContextBootstrapper - Found explicit ContextLoader class [org.springframework.test.context.support.AnnotationConfigContextLoader] for context configuration attributes [ContextConfigurationAttributes@3fd7a715 declaringClass = &apos;cz.mdostal.monolithicshop.dao.CustomerDaoTest&apos;, classes = &apos;{class cz.mdostal.monolithicshop.configuration.PersistenceConfiguration, class cz.mdostal.monolithicshop.configuration.AppConfiguration}&apos;, locations = &apos;{}&apos;, inheritLocations = true, initializers = &apos;{}&apos;, inheritInitializers = true, name = [null], contextLoaderClass = &apos;org.springframework.test.context.support.AnnotationConfigContextLoader&apos;]
15:11:51.934 [main] DEBUG org.springframework.test.context.support.ActiveProfilesUtils - Could not find an &apos;annotation declaring class&apos; for annotation type [org.springframework.test.context.ActiveProfiles] and class [cz.mdostal.monolithicshop.dao.CustomerDaoTest]
15:11:51.935 [main] DEBUG org.springframework.test.context.support.DefaultTestContextBootstrapper - @TestExecutionListeners is not present for class [cz.mdostal.monolithicshop.dao.CustomerDaoTest]: using defaults.
15:11:51.936 [main] INFO org.springframework.test.context.support.DefaultTestContextBootstrapper - Loaded default TestExecutionListener class names from location [META-INF/spring.factories]: [org.springframework.test.context.web.ServletTestExecutionListener, org.springframework.test.context.support.DirtiesContextBeforeModesTestExecutionListener, org.springframework.test.context.support.DependencyInjectionTestExecutionListener, org.springframework.test.context.support.DirtiesContextTestExecutionListener, org.springframework.test.context.transaction.TransactionalTestExecutionListener, org.springframework.test.context.jdbc.SqlScriptsTestExecutionListener, org.springframework.test.context.event.EventPublishingTestExecutionListener]
15:11:51.951 [main] INFO org.springframework.test.context.support.DefaultTestContextBootstrapper - Using TestExecutionListeners: [org.springframework.test.context.web.ServletTestExecutionListener@4524411f, org.springframework.test.context.support.DirtiesContextBeforeModesTestExecutionListener@401e7803, org.springframework.test.context.support.DependencyInjectionTestExecutionListener@10dba097, org.springframework.test.context.support.DirtiesContextTestExecutionListener@1786f9d5, org.springframework.test.context.transaction.TransactionalTestExecutionListener@704d6e83, org.springframework.test.context.jdbc.SqlScriptsTestExecutionListener@43a0cee9, org.springframework.test.context.event.EventPublishingTestExecutionListener@eb21112]
15:11:51.953 [main] DEBUG org.springframework.test.annotation.ProfileValueUtils - Retrieved @ProfileValueSourceConfiguration [null] for test class [cz.mdostal.monolithicshop.dao.CustomerDaoTest]
15:11:51.954 [main] DEBUG org.springframework.test.annotation.ProfileValueUtils - Retrieved ProfileValueSource type [class org.springframework.test.annotation.SystemProfileValueSource] for class [cz.mdostal.monolithicshop.dao.CustomerDaoTest]
15:11:51.956 [main] DEBUG org.springframework.test.annotation.ProfileValueUtils - Retrieved @ProfileValueSourceConfiguration [null] for test class [cz.mdostal.monolithicshop.dao.CustomerDaoTest]
15:11:51.956 [main] DEBUG org.springframework.test.annotation.ProfileValueUtils - Retrieved ProfileValueSource type [class org.springframework.test.annotation.SystemProfileValueSource] for class [cz.mdostal.monolithicshop.dao.CustomerDaoTest]
15:11:51.960 [main] DEBUG org.springframework.test.context.support.AbstractDirtiesContextTestExecutionListener - Before test class: context [DefaultTestContext@727803de testClass = CustomerDaoTest, testInstance = [null], testMethod = [null], testException = [null], mergedContextConfiguration = [MergedContextConfiguration@704921a5 testClass = CustomerDaoTest, locations = &apos;{}&apos;, classes = &apos;{class cz.mdostal.monolithicshop.configuration.PersistenceConfiguration, class cz.mdostal.monolithicshop.configuration.AppConfiguration}&apos;, contextInitializerClasses = &apos;[]&apos;, activeProfiles = &apos;{}&apos;, propertySourceLocations = &apos;{}&apos;, propertySourceProperties = &apos;{classpath:persistence-test.properties, classpath:application.properties}&apos;, contextCustomizers = set[[empty]], contextLoader = &apos;org.springframework.test.context.support.AnnotationConfigContextLoader&apos;, parent = [null]], attributes = map[[empty]]], class annotated with @DirtiesContext [false] with mode [null].
15:11:51.963 [main] DEBUG org.springframework.test.annotation.ProfileValueUtils - Retrieved @ProfileValueSourceConfiguration [null] for test class [cz.mdostal.monolithicshop.dao.CustomerDaoTest]
15:11:51.963 [main] DEBUG org.springframework.test.annotation.ProfileValueUtils - Retrieved ProfileValueSource type [class org.springframework.test.annotation.SystemProfileValueSource] for class [cz.mdostal.monolithicshop.dao.CustomerDaoTest]
15:11:52.019 [main] DEBUG org.springframework.test.context.support.DependencyInjectionTestExecutionListener - Performing dependency injection for test context [[DefaultTestContext@727803de testClass = CustomerDaoTest, testInstance = cz.mdostal.monolithicshop.dao.CustomerDaoTest@290dbf45, testMethod = [null], testException = [null], mergedContextConfiguration = [MergedContextConfiguration@704921a5 testClass = CustomerDaoTest, locations = &apos;{}&apos;, classes = &apos;{class cz.mdostal.monolithicshop.configuration.PersistenceConfiguration, class cz.mdostal.monolithicshop.configuration.AppConfiguration}&apos;, contextInitializerClasses = &apos;[]&apos;, activeProfiles = &apos;{}&apos;, propertySourceLocations = &apos;{}&apos;, propertySourceProperties = &apos;{classpath:persistence-test.properties, classpath:application.properties}&apos;, contextCustomizers = set[[empty]], contextLoader = &apos;org.springframework.test.context.support.AnnotationConfigContextLoader&apos;, parent = [null]], attributes = map[[empty]]]].
15:11:52.019 [main] DEBUG org.springframework.test.context.support.AbstractGenericContextLoader - Loading ApplicationContext for merged context configuration [[MergedContextConfiguration@704921a5 testClass = CustomerDaoTest, locations = &apos;{}&apos;, classes = &apos;{class cz.mdostal.monolithicshop.configuration.PersistenceConfiguration, class cz.mdostal.monolithicshop.configuration.AppConfiguration}&apos;, contextInitializerClasses = &apos;[]&apos;, activeProfiles = &apos;{}&apos;, propertySourceLocations = &apos;{}&apos;, propertySourceProperties = &apos;{classpath:persistence-test.properties, classpath:application.properties}&apos;, contextCustomizers = set[[empty]], contextLoader = &apos;org.springframework.test.context.support.AnnotationConfigContextLoader&apos;, parent = [null]]].
15:11:52.062 [main] DEBUG org.springframework.core.env.StandardEnvironment - Activating profiles []
15:11:52.062 [main] DEBUG org.springframework.test.context.support.TestPropertySourceUtils - Adding inlined properties to environment: {classpath:persistence-test.properties, classpath:application.properties}
15:11:52.063 [main] DEBUG org.springframework.test.context.support.AnnotationConfigContextLoader - Registering component classes: {class cz.mdostal.monolithicshop.configuration.PersistenceConfiguration, class cz.mdostal.monolithicshop.configuration.AppConfiguration}
15:11:52.115 [main] DEBUG org.springframework.context.support.GenericApplicationContext - Refreshing org.springframework.context.support.GenericApplicationContext@49070868
15:11:52.128 [main] DEBUG org.springframework.beans.factory.support.DefaultListableBeanFactory - Creating shared instance of singleton bean &apos;org.springframework.context.annotation.internalConfigurationAnnotationProcessor&apos;
15:11:52.245 [main] INFO org.springframework.data.repository.config.RepositoryConfigurationDelegate - Bootstrapping Spring Data JPA repositories in DEFAULT mode.
15:11:52.260 [main] DEBUG org.springframework.data.repository.config.RepositoryConfigurationDelegate - Scanning for JPA repositories in packages cz.mdostal.monolithicshop.
15:11:52.302 [main] DEBUG org.springframework.data.repository.config.RepositoryComponentProvider - Identified candidate component class: file [/home/martin/Workspace/MonolithicShop/target/classes/cz/mdostal/monolithicshop/Repository/CustomerRepository.class]
15:11:52.389 [main] DEBUG org.springframework.context.annotation.ClassPathScanningCandidateComponentProvider - Identified candidate component class: file [/home/martin/Workspace/MonolithicShop/target/classes/cz/mdostal/monolithicshop/dao/CustomerHibernateTemplateDaoImpl.class]
15:11:52.389 [main] DEBUG org.springframework.context.annotation.ClassPathScanningCandidateComponentProvider - Identified candidate component class: file [/home/martin/Workspace/MonolithicShop/target/classes/cz/mdostal/monolithicshop/dao/OrderHibernateTemplateDaoImpl.class]
15:11:52.389 [main] DEBUG org.springframework.context.annotation.ClassPathScanningCandidateComponentProvider - Identified candidate component class: file [/home/martin/Workspace/MonolithicShop/target/classes/cz/mdostal/monolithicshop/dao/ProductHibernateTemplateDaoImpl.class]
15:11:52.389 [main] DEBUG org.springframework.context.annotation.ClassPathScanningCandidateComponentProvider - Identified candidate component class: file [/home/martin/Workspace/MonolithicShop/target/classes/cz/mdostal/monolithicshop/facade/CustomerFacadeImpl.class]
15:11:52.389 [main] DEBUG org.springframework.context.annotation.ClassPathScanningCandidateComponentProvider - Identified candidate component class: file [/home/martin/Workspace/MonolithicShop/target/classes/cz/mdostal/monolithicshop/facade/OrderFacadeImpl.class]
15:11:52.390 [main] DEBUG org.springframework.context.annotation.ClassPathScanningCandidateComponentProvider - Identified candidate component class: file [/home/martin/Workspace/MonolithicShop/target/classes/cz/mdostal/monolithicshop/facade/ProductFacadeImpl.class]
15:11:52.390 [main] DEBUG org.springframework.context.annotation.ClassPathScanningCandidateComponentProvider - Identified candidate component class: file [/home/martin/Workspace/MonolithicShop/target/classes/cz/mdostal/monolithicshop/service/CustomerServiceRepositoryImpl.class]
15:11:52.411 [main] INFO org.springframework.data.repository.config.RepositoryConfigurationDelegate - Finished Spring Data repository scanning in 150ms. Found 1 JPA repository interfaces.
15:11:52.508 [main] DEBUG org.springframework.beans.factory.support.DefaultListableBeanFactory - Creating shared instance of singleton bean &apos;emBeanDefinitionRegistrarPostProcessor&apos;
15:11:52.515 [main] DEBUG org.springframework.beans.factory.support.DefaultListableBeanFactory - Creating shared instance of singleton bean &apos;org.springframework.context.event.internalEventListenerProcessor&apos;
15:11:52.519 [main] DEBUG org.springframework.beans.factory.support.DefaultListableBeanFactory - Creating shared instance of singleton bean &apos;org.springframework.context.event.internalEventListenerFactory&apos;
15:11:52.519 [main] DEBUG org.springframework.beans.factory.support.DefaultListableBeanFactory - Creating shared instance of singleton bean &apos;org.springframework.transaction.config.internalTransactionalEventListenerFactory&apos;
15:11:52.530 [main] DEBUG org.springframework.beans.factory.support.DefaultListableBeanFactory - Creating shared instance of singleton bean &apos;org.springframework.context.annotation.internalAutowiredAnnotationProcessor&apos;
15:11:52.532 [main] DEBUG org.springframework.beans.factory.support.DefaultListableBeanFactory - Creating shared instance of singleton bean &apos;org.springframework.context.annotation.internalCommonAnnotationProcessor&apos;
15:11:52.535 [main] DEBUG org.springframework.beans.factory.support.DefaultListableBeanFactory - Creating shared instance of singleton bean &apos;org.springframework.context.annotation.internalPersistenceAnnotationProcessor&apos;
15:11:52.536 [main] DEBUG org.springframework.beans.factory.support.DefaultListableBeanFactory - Creating shared instance of singleton bean &apos;exceptionTranslation&apos;
15:11:52.536 [main] DEBUG org.springframework.beans.factory.support.DefaultListableBeanFactory - Creating shared instance of singleton bean &apos;persistenceConfiguration&apos;
15:11:52.571 [main] INFO org.springframework.context.support.PostProcessorRegistrationDelegate$BeanPostProcessorChecker - Bean &apos;persistenceConfiguration&apos; of type [cz.mdostal.monolithicshop.configuration.PersistenceConfiguration$$EnhancerBySpringCGLIB$$55888441] is not eligible for getting processed by all BeanPostProcessors (for example: not eligible for auto-proxying)
15:11:52.591 [main] DEBUG org.springframework.beans.factory.support.DefaultListableBeanFactory - Creating shared instance of singleton bean &apos;org.springframework.aop.config.internalAutoProxyCreator&apos;
15:11:52.625 [main] DEBUG org.springframework.beans.factory.support.DefaultListableBeanFactory - Creating shared instance of singleton bean &apos;entityManagerFactory&apos;
15:11:52.631 [main] DEBUG org.springframework.beans.factory.support.DefaultListableBeanFactory - Creating shared instance of singleton bean &apos;driverDataSource&apos;
15:11:52.636 [main] DEBUG org.springframework.core.env.PropertySourcesPropertyResolver - Found key &apos;jdbc.driverClassName&apos; in PropertySource &apos;class path resource [persistence.properties]&apos; with value of type String
15:11:52.664 [main] DEBUG org.springframework.jdbc.datasource.DriverManagerDataSource - Loaded JDBC driver: com.mysql.jdbc.Driver
15:11:52.666 [main] DEBUG org.springframework.core.env.PropertySourcesPropertyResolver - Found key &apos;jdbc.url&apos; in PropertySource &apos;class path resource [persistence.properties]&apos; with value of type String
15:11:52.666 [main] DEBUG org.springframework.core.env.PropertySourcesPropertyResolver - Found key &apos;jdbc.user&apos; in PropertySource &apos;class path resource [persistence.properties]&apos; with value of type String
15:11:52.666 [main] DEBUG org.springframework.core.env.PropertySourcesPropertyResolver - Found key &apos;jdbc.pass&apos; in PropertySource &apos;class path resource [persistence.properties]&apos; with value of type String
15:11:52.669 [main] DEBUG org.springframework.beans.factory.support.DefaultListableBeanFactory - Creating shared instance of singleton bean &apos;org.springframework.transaction.config.internalTransactionAdvisor&apos;
15:11:52.669 [main] DEBUG org.springframework.beans.factory.support.DefaultListableBeanFactory - Creating shared instance of singleton bean &apos;org.springframework.transaction.annotation.ProxyTransactionManagementConfiguration&apos;
15:11:52.685 [main] DEBUG org.springframework.beans.factory.support.DefaultListableBeanFactory - Creating shared instance of singleton bean &apos;transactionAttributeSource&apos;
15:11:52.687 [main] DEBUG org.springframework.beans.factory.support.DefaultListableBeanFactory - Creating shared instance of singleton bean &apos;transactionInterceptor&apos;
15:11:52.688 [main] DEBUG org.springframework.beans.factory.support.DefaultListableBeanFactory - Autowiring by type from bean name &apos;transactionInterceptor&apos; via factory method to bean named &apos;transactionAttributeSource&apos;
15:11:52.694 [main] DEBUG org.springframework.beans.factory.support.DefaultListableBeanFactory - Autowiring by type from bean name &apos;org.springframework.transaction.config.internalTransactionAdvisor&apos; via factory method to bean named &apos;transactionAttributeSource&apos;
15:11:52.694 [main] DEBUG org.springframework.beans.factory.support.DefaultListableBeanFactory - Autowiring by type from bean name &apos;org.springframework.transaction.config.internalTransactionAdvisor&apos; via factory method to bean named &apos;transactionInterceptor&apos;
15:11:52.733 [main] DEBUG org.springframework.core.env.PropertySourcesPropertyResolver - Found key &apos;hibernate.hbm2ddl.auto&apos; in PropertySource &apos;class path resource [persistence.properties]&apos; with value of type String
15:11:52.733 [main] DEBUG org.springframework.core.env.PropertySourcesPropertyResolver - Found key &apos;spring.jpa.hibernate.ddl-auto&apos; in PropertySource &apos;class path resource [persistence.properties]&apos; with value of type String
15:11:52.734 [main] DEBUG org.springframework.core.env.PropertySourcesPropertyResolver - Found key &apos;hibernate.dialect&apos; in PropertySource &apos;class path resource [persistence.properties]&apos; with value of type String
15:11:52.747 [main] DEBUG org.springframework.orm.jpa.LocalContainerEntityManagerFactoryBean - Building JPA container EntityManagerFactory for persistence unit &apos;default&apos;
INFO    2020-08-04 15:11:52,770 [main] org.hibernate.jpa.internal.util.LogHelper  - HHH000204: Processing PersistenceUnitInfo [name: default]
INFO    2020-08-04 15:11:52,857 [main] org.hibernate.Version  - HHH000412: Hibernate Core {5.4.10.Final}
INFO    2020-08-04 15:11:52,984 [main] org.hibernate.annotations.common.Version  - HCANN000001: Hibernate Commons Annotations {5.1.0.Final}
15:11:53.204 [main] DEBUG org.springframework.jdbc.datasource.DriverManagerDataSource - Creating new JDBC DriverManager Connection to [jdbc:mysql://localhost:3306/SAMPLE_DB?useUnicode=true&amp;useJDBCCompliantTimezoneShift=true&amp;useLegacyDatetimeCode=false&amp;serverTimezone=UTC]
INFO    2020-08-04 15:11:53,729 [main] org.hibernate.dialect.Dialect  - HHH000400: Using dialect: org.hibernate.dialect.MySQL5Dialect
15:11:54.484 [main] DEBUG org.springframework.jdbc.datasource.DriverManagerDataSource - Creating new JDBC DriverManager Connection to [jdbc:mysql://localhost:3306/SAMPLE_DB?useUnicode=true&amp;useJDBCCompliantTimezoneShift=true&amp;useLegacyDatetimeCode=false&amp;serverTimezone=UTC]
15:11:54.542 [main] DEBUG org.springframework.jdbc.datasource.DriverManagerDataSource - Creating new JDBC DriverManager Connection to [jdbc:mysql://localhost:3306/SAMPLE_DB?useUnicode=true&amp;useJDBCCompliantTimezoneShift=true&amp;useLegacyDatetimeCode=false&amp;serverTimezone=UTC]
WARN    2020-08-04 15:11:54,606 [main] org.hibernate.tool.schema.internal.ExceptionHandlerLoggedImpl  - GenerationTarget encountered exception accepting command : Error executing DDL &quot;alter table `CUSTOMER` add constraint UK_n4b0cltq957d6ixouv4rkdiwc unique (`USERNAME`)&quot; via JDBC Statement
org.hibernate.tool.schema.spi.CommandAcceptanceException: Error executing DDL &quot;alter table `CUSTOMER` add constraint UK_n4b0cltq957d6ixouv4rkdiwc unique (`USERNAME`)&quot; via JDBC Statement
	at org.hibernate.tool.schema.internal.exec.GenerationTargetToDatabase.accept(GenerationTargetToDatabase.java:67)
	at org.hibernate.tool.schema.internal.SchemaCreatorImpl.applySqlString(SchemaCreatorImpl.java:439)
	at org.hibernate.tool.schema.internal.SchemaCreatorImpl.applySqlStrings(SchemaCreatorImpl.java:423)
	at org.hibernate.tool.schema.internal.SchemaCreatorImpl.createFromMetadata(SchemaCreatorImpl.java:348)
	at org.hibernate.tool.schema.internal.SchemaCreatorImpl.performCreation(SchemaCreatorImpl.java:166)
	at org.hibernate.tool.schema.internal.SchemaCreatorImpl.doCreation(SchemaCreatorImpl.java:135)
	at org.hibernate.tool.schema.internal.SchemaCreatorImpl.doCreation(SchemaCreatorImpl.java:121)
	at org.hibernate.tool.schema.spi.SchemaManagementToolCoordinator.performDatabaseAction(SchemaManagementToolCoordinator.java:156)
	at org.hibernate.tool.schema.spi.SchemaManagementToolCoordinator.process(SchemaManagementToolCoordinator.java:73)
	at org.hibernate.internal.SessionFactoryImpl.&lt;init&gt;(SessionFactoryImpl.java:320)
	at org.hibernate.boot.internal.SessionFactoryBuilderImpl.build(SessionFactoryBuilderImpl.java:462)
	at org.hibernate.jpa.boot.internal.EntityManagerFactoryBuilderImpl.build(EntityManagerFactoryBuilderImpl.java:1237)
	at org.springframework.orm.jpa.vendor.SpringHibernateJpaPersistenceProvider.createContainerEntityManagerFactory(SpringHibernateJpaPersistenceProvider.java:58)
	at org.springframework.orm.jpa.LocalContainerEntityManagerFactoryBean.createNativeEntityManagerFactory(LocalContainerEntityManagerFactoryBean.java:365)
	at org.springframework.orm.jpa.AbstractEntityManagerFactoryBean.buildNativeEntityManagerFactory(AbstractEntityManagerFactoryBean.java:391)
	at org.springframework.orm.jpa.AbstractEntityManagerFactoryBean.afterPropertiesSet(AbstractEntityManagerFactoryBean.java:378)
	at org.springframework.orm.jpa.LocalContainerEntityManagerFactoryBean.afterPropertiesSet(LocalContainerEntityManagerFactoryBean.java:341)
	at org.springframework.beans.factory.support.AbstractAutowireCapableBeanFactory.invokeInitMethods(AbstractAutowireCapableBeanFactory.java:1855)
	at org.springframework.beans.factory.support.AbstractAutowireCapableBeanFactory.initializeBean(AbstractAutowireCapableBeanFactory.java:1792)
	at org.springframework.beans.factory.support.AbstractAutowireCapableBeanFactory.doCreateBean(AbstractAutowireCapableBeanFactory.java:595)
	at org.springframework.beans.factory.support.AbstractAutowireCapableBeanFactory.createBean(AbstractAutowireCapableBeanFactory.java:517)
	at org.springframework.beans.factory.support.AbstractBeanFactory.lambda$doGetBean$0(AbstractBeanFactory.java:323)
	at org.springframework.beans.factory.support.DefaultSingletonBeanRegistry.getSingleton(DefaultSingletonBeanRegistry.java:222)
	at org.springframework.beans.factory.support.AbstractBeanFactory.doGetBean(AbstractBeanFactory.java:321)
	at org.springframework.beans.factory.support.AbstractBeanFactory.getBean(AbstractBeanFactory.java:202)
	at org.springframework.context.support.AbstractApplicationContext.getBean(AbstractApplicationContext.java:1108)
	at org.springframework.context.support.AbstractApplicationContext.finishBeanFactoryInitialization(AbstractApplicationContext.java:868)
	at org.springframework.context.support.AbstractApplicationContext.refresh(AbstractApplicationContext.java:550)
	at org.springframework.test.context.support.AbstractGenericContextLoader.loadContext(AbstractGenericContextLoader.java:128)
	at org.springframework.test.context.support.AbstractGenericContextLoader.loadContext(AbstractGenericContextLoader.java:60)
	at org.springframework.test.context.cache.DefaultCacheAwareContextLoaderDelegate.loadContextInternal(DefaultCacheAwareContextLoaderDelegate.java:99)
	at org.springframework.test.context.cache.DefaultCacheAwareContextLoaderDelegate.loadContext(DefaultCacheAwareContextLoaderDelegate.java:124)
	at org.springframework.test.context.support.DefaultTestContext.getApplicationContext(DefaultTestContext.java:123)
	at org.springframework.test.context.support.DependencyInjectionTestExecutionListener.injectDependencies(DependencyInjectionTestExecutionListener.java:118)
	at org.springframework.test.context.support.DependencyInjectionTestExecutionListener.prepareTestInstance(DependencyInjectionTestExecutionListener.java:83)
	at org.springframework.test.context.TestContextManager.prepareTestInstance(TestContextManager.java:244)
	at org.springframework.test.context.junit4.SpringJUnit4ClassRunner.createTest(SpringJUnit4ClassRunner.java:227)
	at org.springframework.test.context.junit4.SpringJUnit4ClassRunner$1.runReflectiveCall(SpringJUnit4ClassRunner.java:289)
	at org.junit.internal.runners.model.ReflectiveCallable.run(ReflectiveCallable.java:12)
	at org.springframework.test.context.junit4.SpringJUnit4ClassRunner.methodBlock(SpringJUnit4ClassRunner.java:291)
	at org.springframework.test.context.junit4.SpringJUnit4ClassRunner.runChild(SpringJUnit4ClassRunner.java:246)
	at org.springframework.test.context.junit4.SpringJUnit4ClassRunner.runChild(SpringJUnit4ClassRunner.java:97)
	at org.junit.runners.ParentRunner$3.run(ParentRunner.java:290)
	at org.junit.runners.ParentRunner$1.schedule(ParentRunner.java:71)
	at org.junit.runners.ParentRunner.runChildren(ParentRunner.java:288)
	at org.junit.runners.ParentRunner.access$000(ParentRunner.java:58)
	at org.junit.runners.ParentRunner$2.evaluate(ParentRunner.java:268)
	at org.springframework.test.context.junit4.statements.RunBeforeTestClassCallbacks.evaluate(RunBeforeTestClassCallbacks.java:61)
	at org.springframework.test.context.junit4.statements.RunAfterTestClassCallbacks.evaluate(RunAfterTestClassCallbacks.java:70)
	at org.junit.runners.ParentRunner.run(ParentRunner.java:363)
	at org.springframework.test.context.junit4.SpringJUnit4ClassRunner.run(SpringJUnit4ClassRunner.java:190)
	at org.apache.maven.surefire.junit4.JUnit4Provider.execute(JUnit4Provider.java:252)
	at org.apache.maven.surefire.junit4.JUnit4Provider.executeTestSet(JUnit4Provider.java:141)
	at org.apache.maven.surefire.junit4.JUnit4Provider.invoke(JUnit4Provider.java:112)
	at sun.reflect.NativeMethodAccessorImpl.invoke0(Native Method)
	at sun.reflect.NativeMethodAccessorImpl.invoke(NativeMethodAccessorImpl.java:62)
	at sun.reflect.DelegatingMethodAccessorImpl.invoke(DelegatingMethodAccessorImpl.java:43)
	at java.lang.reflect.Method.invoke(Method.java:498)
	at org.apache.maven.surefire.util.ReflectionUtils.invokeMethodWithArray(ReflectionUtils.java:189)
	at org.apache.maven.surefire.booter.ProviderFactory$ProviderProxy.invoke(ProviderFactory.java:165)
	at org.apache.maven.surefire.booter.ProviderFactory.invokeProvider(ProviderFactory.java:85)
	at org.apache.maven.surefire.booter.ForkedBooter.runSuitesInProcess(ForkedBooter.java:115)
	at org.apache.maven.surefire.booter.ForkedBooter.main(ForkedBooter.java:75)
Caused by: java.sql.SQLSyntaxErrorException: Specified key was too long; max key length is 1000 bytes
	at com.mysql.cj.jdbc.exceptions.SQLError.createSQLException(SQLError.java:120)
	at com.mysql.cj.jdbc.exceptions.SQLError.createSQLException(SQLError.java:97)
	at com.mysql.cj.jdbc.exceptions.SQLExceptionsMapping.translateException(SQLExceptionsMapping.java:122)
	at com.mysql.cj.jdbc.StatementImpl.executeInternal(StatementImpl.java:782)
	at com.mysql.cj.jdbc.StatementImpl.execute(StatementImpl.java:666)
	at org.hibernate.tool.schema.internal.exec.GenerationTargetToDatabase.accept(GenerationTargetToDatabase.java:54)
	... 62 more
INFO    2020-08-04 15:11:54,731 [main] org.hibernate.engine.transaction.jta.platform.internal.JtaPlatformInitiator  - HHH000490: Using JtaPlatform implementation: [org.hibernate.engine.transaction.jta.platform.internal.NoJtaPlatform]
15:11:54.741 [main] INFO org.springframework.orm.jpa.LocalContainerEntityManagerFactoryBean - Initialized JPA EntityManagerFactory for persistence unit &apos;default&apos;
15:11:54.747 [main] DEBUG org.springframework.beans.factory.support.DefaultListableBeanFactory - Creating shared instance of singleton bean &apos;appConfiguration&apos;
15:11:54.750 [main] DEBUG org.springframework.beans.factory.support.DefaultListableBeanFactory - Creating shared instance of singleton bean &apos;sessionFactory&apos;
15:11:54.753 [main] DEBUG org.springframework.core.env.PropertySourcesPropertyResolver - Found key &apos;hibernate.hbm2ddl.auto&apos; in PropertySource &apos;class path resource [persistence.properties]&apos; with value of type String
15:11:54.753 [main] DEBUG org.springframework.core.env.PropertySourcesPropertyResolver - Found key &apos;spring.jpa.hibernate.ddl-auto&apos; in PropertySource &apos;class path resource [persistence.properties]&apos; with value of type String
15:11:54.753 [main] DEBUG org.springframework.core.env.PropertySourcesPropertyResolver - Found key &apos;hibernate.dialect&apos; in PropertySource &apos;class path resource [persistence.properties]&apos; with value of type String
15:11:54.767 [main] DEBUG org.springframework.jdbc.datasource.DriverManagerDataSource - Creating new JDBC DriverManager Connection to [jdbc:mysql://localhost:3306/SAMPLE_DB?useUnicode=true&amp;useJDBCCompliantTimezoneShift=true&amp;useLegacyDatetimeCode=false&amp;serverTimezone=UTC]
INFO    2020-08-04 15:11:54,785 [main] org.hibernate.dialect.Dialect  - HHH000400: Using dialect: org.hibernate.dialect.MySQL5Dialect
15:11:54.816 [main] DEBUG org.springframework.jdbc.datasource.DriverManagerDataSource - Creating new JDBC DriverManager Connection to [jdbc:mysql://localhost:3306/SAMPLE_DB?useUnicode=true&amp;useJDBCCompliantTimezoneShift=true&amp;useLegacyDatetimeCode=false&amp;serverTimezone=UTC]
15:11:54.857 [main] DEBUG org.springframework.jdbc.datasource.DriverManagerDataSource - Creating new JDBC DriverManager Connection to [jdbc:mysql://localhost:3306/SAMPLE_DB?useUnicode=true&amp;useJDBCCompliantTimezoneShift=true&amp;useLegacyDatetimeCode=false&amp;serverTimezone=UTC]
WARN    2020-08-04 15:11:54,912 [main] org.hibernate.tool.schema.internal.ExceptionHandlerLoggedImpl  - GenerationTarget encountered exception accepting command : Error executing DDL &quot;alter table `CUSTOMER` add constraint UK_n4b0cltq957d6ixouv4rkdiwc unique (`USERNAME`)&quot; via JDBC Statement
org.hibernate.tool.schema.spi.CommandAcceptanceException: Error executing DDL &quot;alter table `CUSTOMER` add constraint UK_n4b0cltq957d6ixouv4rkdiwc unique (`USERNAME`)&quot; via JDBC Statement
	at org.hibernate.tool.schema.internal.exec.GenerationTargetToDatabase.accept(GenerationTargetToDatabase.java:67)
	at org.hibernate.tool.schema.internal.SchemaCreatorImpl.applySqlString(SchemaCreatorImpl.java:439)
	at org.hibernate.tool.schema.internal.SchemaCreatorImpl.applySqlStrings(SchemaCreatorImpl.java:423)
	at org.hibernate.tool.schema.internal.SchemaCreatorImpl.createFromMetadata(SchemaCreatorImpl.java:348)
	at org.hibernate.tool.schema.internal.SchemaCreatorImpl.performCreation(SchemaCreatorImpl.java:166)
	at org.hibernate.tool.schema.internal.SchemaCreatorImpl.doCreation(SchemaCreatorImpl.java:135)
	at org.hibernate.tool.schema.internal.SchemaCreatorImpl.doCreation(SchemaCreatorImpl.java:121)
	at org.hibernate.tool.schema.spi.SchemaManagementToolCoordinator.performDatabaseAction(SchemaManagementToolCoordinator.java:156)
	at org.hibernate.tool.schema.spi.SchemaManagementToolCoordinator.process(SchemaManagementToolCoordinator.java:73)
	at org.hibernate.internal.SessionFactoryImpl.&lt;init&gt;(SessionFactoryImpl.java:320)
	at org.hibernate.boot.internal.SessionFactoryBuilderImpl.build(SessionFactoryBuilderImpl.java:462)
	at org.hibernate.cfg.Configuration.buildSessionFactory(Configuration.java:708)
	at org.hibernate.cfg.Configuration.buildSessionFactory(Configuration.java:724)
	at org.springframework.orm.hibernate5.LocalSessionFactoryBean.buildSessionFactory(LocalSessionFactoryBean.java:616)
	at org.springframework.orm.hibernate5.LocalSessionFactoryBean.afterPropertiesSet(LocalSessionFactoryBean.java:600)
	at org.springframework.beans.factory.support.AbstractAutowireCapableBeanFactory.invokeInitMethods(AbstractAutowireCapableBeanFactory.java:1855)
	at org.springframework.beans.factory.support.AbstractAutowireCapableBeanFactory.initializeBean(AbstractAutowireCapableBeanFactory.java:1792)
	at org.springframework.beans.factory.support.AbstractAutowireCapableBeanFactory.doCreateBean(AbstractAutowireCapableBeanFactory.java:595)
	at org.springframework.beans.factory.support.AbstractAutowireCapableBeanFactory.createBean(AbstractAutowireCapableBeanFactory.java:517)
	at org.springframework.beans.factory.support.AbstractBeanFactory.lambda$doGetBean$0(AbstractBeanFactory.java:323)
	at org.springframework.beans.factory.support.DefaultSingletonBeanRegistry.getSingleton(DefaultSingletonBeanRegistry.java:222)
	at org.springframework.beans.factory.support.AbstractBeanFactory.doGetBean(AbstractBeanFactory.java:321)
	at org.springframework.beans.factory.support.AbstractBeanFactory.getBean(AbstractBeanFactory.java:202)
	at org.springframework.beans.factory.support.DefaultListableBeanFactory.preInstantiateSingletons(DefaultListableBeanFactory.java:863)
	at org.springframework.context.support.AbstractApplicationContext.finishBeanFactoryInitialization(AbstractApplicationContext.java:878)
	at org.springframework.context.support.AbstractApplicationContext.refresh(AbstractApplicationContext.java:550)
	at org.springframework.test.context.support.AbstractGenericContextLoader.loadContext(AbstractGenericContextLoader.java:128)
	at org.springframework.test.context.support.AbstractGenericContextLoader.loadContext(AbstractGenericContextLoader.java:60)
	at org.springframework.test.context.cache.DefaultCacheAwareContextLoaderDelegate.loadContextInternal(DefaultCacheAwareContextLoaderDelegate.java:99)
	at org.springframework.test.context.cache.DefaultCacheAwareContextLoaderDelegate.loadContext(DefaultCacheAwareContextLoaderDelegate.java:124)
	at org.springframework.test.context.support.DefaultTestContext.getApplicationContext(DefaultTestContext.java:123)
	at org.springframework.test.context.support.DependencyInjectionTestExecutionListener.injectDependencies(DependencyInjectionTestExecutionListener.java:118)
	at org.springframework.test.context.support.DependencyInjectionTestExecutionListener.prepareTestInstance(DependencyInjectionTestExecutionListener.java:83)
	at org.springframework.test.context.TestContextManager.prepareTestInstance(TestContextManager.java:244)
	at org.springframework.test.context.junit4.SpringJUnit4ClassRunner.createTest(SpringJUnit4ClassRunner.java:227)
	at org.springframework.test.context.junit4.SpringJUnit4ClassRunner$1.runReflectiveCall(SpringJUnit4ClassRunner.java:289)
	at org.junit.internal.runners.model.ReflectiveCallable.run(ReflectiveCallable.java:12)
	at org.springframework.test.context.junit4.SpringJUnit4ClassRunner.methodBlock(SpringJUnit4ClassRunner.java:291)
	at org.springframework.test.context.junit4.SpringJUnit4ClassRunner.runChild(SpringJUnit4ClassRunner.java:246)
	at org.springframework.test.context.junit4.SpringJUnit4ClassRunner.runChild(SpringJUnit4ClassRunner.java:97)
	at org.junit.runners.ParentRunner$3.run(ParentRunner.java:290)
	at org.junit.runners.ParentRunner$1.schedule(ParentRunner.java:71)
	at org.junit.runners.ParentRunner.runChildren(ParentRunner.java:288)
	at org.junit.runners.ParentRunner.access$000(ParentRunner.java:58)
	at org.junit.runners.ParentRunner$2.evaluate(ParentRunner.java:268)
	at org.springframework.test.context.junit4.statements.RunBeforeTestClassCallbacks.evaluate(RunBeforeTestClassCallbacks.java:61)
	at org.springframework.test.context.junit4.statements.RunAfterTestClassCallbacks.evaluate(RunAfterTestClassCallbacks.java:70)
	at org.junit.runners.ParentRunner.run(ParentRunner.java:363)
	at org.springframework.test.context.junit4.SpringJUnit4ClassRunner.run(SpringJUnit4ClassRunner.java:190)
	at org.apache.maven.surefire.junit4.JUnit4Provider.execute(JUnit4Provider.java:252)
	at org.apache.maven.surefire.junit4.JUnit4Provider.executeTestSet(JUnit4Provider.java:141)
	at org.apache.maven.surefire.junit4.JUnit4Provider.invoke(JUnit4Provider.java:112)
	at sun.reflect.NativeMethodAccessorImpl.invoke0(Native Method)
	at sun.reflect.NativeMethodAccessorImpl.invoke(NativeMethodAccessorImpl.java:62)
	at sun.reflect.DelegatingMethodAccessorImpl.invoke(DelegatingMethodAccessorImpl.java:43)
	at java.lang.reflect.Method.invoke(Method.java:498)
	at org.apache.maven.surefire.util.ReflectionUtils.invokeMethodWithArray(ReflectionUtils.java:189)
	at org.apache.maven.surefire.booter.ProviderFactory$ProviderProxy.invoke(ProviderFactory.java:165)
	at org.apache.maven.surefire.booter.ProviderFactory.invokeProvider(ProviderFactory.java:85)
	at org.apache.maven.surefire.booter.ForkedBooter.runSuitesInProcess(ForkedBooter.java:115)
	at org.apache.maven.surefire.booter.ForkedBooter.main(ForkedBooter.java:75)
Caused by: java.sql.SQLSyntaxErrorException: Specified key was too long; max key length is 1000 bytes
	at com.mysql.cj.jdbc.exceptions.SQLError.createSQLException(SQLError.java:120)
	at com.mysql.cj.jdbc.exceptions.SQLError.createSQLException(SQLError.java:97)
	at com.mysql.cj.jdbc.exceptions.SQLExceptionsMapping.translateException(SQLExceptionsMapping.java:122)
	at com.mysql.cj.jdbc.StatementImpl.executeInternal(StatementImpl.java:782)
	at com.mysql.cj.jdbc.StatementImpl.execute(StatementImpl.java:666)
	at org.hibernate.tool.schema.internal.exec.GenerationTargetToDatabase.accept(GenerationTargetToDatabase.java:54)
	... 60 more
INFO    2020-08-04 15:11:55,022 [main] org.hibernate.engine.transaction.jta.platform.internal.JtaPlatformInitiator  - HHH000490: Using JtaPlatform implementation: [org.hibernate.engine.transaction.jta.platform.internal.NoJtaPlatform]
15:11:55.023 [main] DEBUG org.springframework.beans.factory.support.DefaultListableBeanFactory - Creating shared instance of singleton bean &apos;transactionManager&apos;
15:11:55.043 [main] DEBUG org.springframework.beans.factory.support.DefaultListableBeanFactory - Autowiring by type from bean name &apos;transactionManager&apos; via factory method to bean named &apos;sessionFactory&apos;
15:11:55.052 [main] DEBUG org.springframework.orm.hibernate5.HibernateTransactionManager - Using DataSource [org.springframework.jdbc.datasource.DriverManagerDataSource@125290e5] of Hibernate SessionFactory for HibernateTransactionManager
15:11:55.057 [main] DEBUG org.springframework.beans.factory.support.DefaultListableBeanFactory - Creating shared instance of singleton bean &apos;org.springframework.data.jpa.util.JpaMetamodelCacheCleanup&apos;
15:11:55.058 [main] DEBUG org.springframework.beans.factory.support.DefaultListableBeanFactory - Creating shared instance of singleton bean &apos;org.springframework.data.jpa.repository.support.JpaEvaluationContextExtension&apos;
15:11:55.060 [main] DEBUG org.springframework.beans.factory.support.DefaultListableBeanFactory - Creating shared instance of singleton bean &apos;customerRepository&apos;
15:11:55.123 [main] DEBUG org.springframework.beans.factory.support.DefaultListableBeanFactory - Creating shared instance of singleton bean &apos;jpaMappingContext&apos;
15:11:55.124 [main] DEBUG org.springframework.data.jpa.repository.config.JpaMetamodelMappingContextFactoryBean - Initializing JpaMetamodelMappingContext…
15:11:55.137 [main] DEBUG org.springframework.data.jpa.repository.config.JpaMetamodelMappingContextFactoryBean - Finished initializing JpaMetamodelMappingContext!
15:11:55.177 [main] DEBUG org.springframework.orm.jpa.SharedEntityManagerCreator$SharedEntityManagerInvocationHandler - Creating new EntityManager for shared EntityManager invocation
15:11:55.235 [main] DEBUG org.springframework.orm.jpa.SharedEntityManagerCreator$SharedEntityManagerInvocationHandler - Creating new EntityManager for shared EntityManager invocation
15:11:55.320 [main] DEBUG org.springframework.data.repository.core.support.RepositoryFactorySupport - Initializing repository instance for cz.mdostal.monolithicshop.Repository.CustomerRepository…
15:11:55.336 [main] DEBUG org.springframework.orm.jpa.SharedEntityManagerCreator$SharedEntityManagerInvocationHandler - Creating new EntityManager for shared EntityManager invocation
15:11:55.401 [main] DEBUG org.springframework.data.jpa.repository.query.JpaQueryFactory - Looking up query for method findByUsername
15:11:55.405 [main] DEBUG org.springframework.data.jpa.repository.query.NamedQuery - Looking up named query Customer.findByUsername
15:11:55.409 [main] DEBUG org.springframework.data.jpa.repository.query.NamedQuery - Did not find named query Customer.findByUsername
15:11:55.411 [main] DEBUG org.springframework.orm.jpa.SharedEntityManagerCreator$SharedEntityManagerInvocationHandler - Creating new EntityManager for shared EntityManager invocation
15:11:55.478 [main] DEBUG org.springframework.data.repository.core.support.RepositoryFactorySupport - Finished creation of repository instance for cz.mdostal.monolithicshop.Repository.CustomerRepository.
15:11:55.480 [main] DEBUG org.springframework.beans.factory.support.DefaultListableBeanFactory - Creating shared instance of singleton bean &apos;productFacade&apos;
15:11:55.495 [main] DEBUG org.springframework.beans.factory.support.DefaultListableBeanFactory - Creating shared instance of singleton bean &apos;productDao&apos;
15:11:55.515 [main] DEBUG org.springframework.beans.factory.support.DefaultListableBeanFactory - Creating shared instance of singleton bean &apos;customerDao&apos;
15:11:55.519 [main] DEBUG org.springframework.core.env.PropertySourcesPropertyResolver - Found key &apos;persistence.type&apos; in PropertySource &apos;class path resource [application.properties]&apos; with value of type String
15:11:55.541 [main] DEBUG org.springframework.beans.factory.support.DefaultListableBeanFactory - Creating shared instance of singleton bean &apos;orderFacade&apos;
15:11:55.549 [main] DEBUG org.springframework.beans.factory.support.DefaultListableBeanFactory - Creating shared instance of singleton bean &apos;orderDao&apos;
15:11:55.556 [main] DEBUG org.springframework.beans.factory.support.DefaultListableBeanFactory - Creating shared instance of singleton bean &apos;customerFacade&apos;
15:11:55.590 [main] DEBUG org.springframework.test.context.cache.DefaultCacheAwareContextLoaderDelegate - Storing ApplicationContext [1225197672] in cache under key [[MergedContextConfiguration@704921a5 testClass = CustomerDaoTest, locations = &apos;{}&apos;, classes = &apos;{class cz.mdostal.monolithicshop.configuration.PersistenceConfiguration, class cz.mdostal.monolithicshop.configuration.AppConfiguration}&apos;, contextInitializerClasses = &apos;[]&apos;, activeProfiles = &apos;{}&apos;, propertySourceLocations = &apos;{}&apos;, propertySourceProperties = &apos;{classpath:persistence-test.properties, classpath:application.properties}&apos;, contextCustomizers = set[[empty]], contextLoader = &apos;org.springframework.test.context.support.AnnotationConfigContextLoader&apos;, parent = [null]]]
15:11:55.590 [main] DEBUG org.springframework.test.context.cache - Spring test ApplicationContext cache statistics: [DefaultContextCache@4de79b7d size = 1, maxSize = 32, parentContextCount = 0, hitCount = 0, missCount = 1]
15:11:55.594 [main] DEBUG org.springframework.test.context.cache.DefaultCacheAwareContextLoaderDelegate - Retrieved ApplicationContext [1225197672] from cache with key [[MergedContextConfiguration@704921a5 testClass = CustomerDaoTest, locations = &apos;{}&apos;, classes = &apos;{class cz.mdostal.monolithicshop.configuration.PersistenceConfiguration, class cz.mdostal.monolithicshop.configuration.AppConfiguration}&apos;, contextInitializerClasses = &apos;[]&apos;, activeProfiles = &apos;{}&apos;, propertySourceLocations = &apos;{}&apos;, propertySourceProperties = &apos;{classpath:persistence-test.properties, classpath:application.properties}&apos;, contextCustomizers = set[[empty]], contextLoader = &apos;org.springframework.test.context.support.AnnotationConfigContextLoader&apos;, parent = [null]]]
15:11:55.594 [main] DEBUG org.springframework.test.context.cache - Spring test ApplicationContext cache statistics: [DefaultContextCache@4de79b7d size = 1, maxSize = 32, parentContextCount = 0, hitCount = 1, missCount = 1]
15:11:55.603 [main] DEBUG org.springframework.test.context.support.AbstractDirtiesContextTestExecutionListener - Before test method: context [DefaultTestContext@727803de testClass = CustomerDaoTest, testInstance = cz.mdostal.monolithicshop.dao.CustomerDaoTest@290dbf45, testMethod = testGetCustomerById@CustomerDaoTest, testException = [null], mergedContextConfiguration = [MergedContextConfiguration@704921a5 testClass = CustomerDaoTest, locations = &apos;{}&apos;, classes = &apos;{class cz.mdostal.monolithicshop.configuration.PersistenceConfiguration, class cz.mdostal.monolithicshop.configuration.AppConfiguration}&apos;, contextInitializerClasses = &apos;[]&apos;, activeProfiles = &apos;{}&apos;, propertySourceLocations = &apos;{}&apos;, propertySourceProperties = &apos;{classpath:persistence-test.properties, classpath:application.properties}&apos;, contextCustomizers = set[[empty]], contextLoader = &apos;org.springframework.test.context.support.AnnotationConfigContextLoader&apos;, parent = [null]], attributes = map[[empty]]], class annotated with @DirtiesContext [false] with mode [null], method annotated with @DirtiesContext [false] with mode [null].
15:11:55.619 [main] DEBUG org.springframework.test.context.transaction.TransactionalTestExecutionListener - Explicit transaction definition [PROPAGATION_REQUIRED,ISOLATION_DEFAULT] found for test context [DefaultTestContext@727803de testClass = CustomerDaoTest, testInstance = cz.mdostal.monolithicshop.dao.CustomerDaoTest@290dbf45, testMethod = testGetCustomerById@CustomerDaoTest, testException = [null], mergedContextConfiguration = [MergedContextConfiguration@704921a5 testClass = CustomerDaoTest, locations = &apos;{}&apos;, classes = &apos;{class cz.mdostal.monolithicshop.configuration.PersistenceConfiguration, class cz.mdostal.monolithicshop.configuration.AppConfiguration}&apos;, contextInitializerClasses = &apos;[]&apos;, activeProfiles = &apos;{}&apos;, propertySourceLocations = &apos;{}&apos;, propertySourceProperties = &apos;{classpath:persistence-test.properties, classpath:application.properties}&apos;, contextCustomizers = set[[empty]], contextLoader = &apos;org.springframework.test.context.support.AnnotationConfigContextLoader&apos;, parent = [null]], attributes = map[[empty]]]
15:11:55.627 [main] DEBUG org.springframework.test.context.cache.DefaultCacheAwareContextLoaderDelegate - Retrieved ApplicationContext [1225197672] from cache with key [[MergedContextConfiguration@704921a5 testClass = CustomerDaoTest, locations = &apos;{}&apos;, classes = &apos;{class cz.mdostal.monolithicshop.configuration.PersistenceConfiguration, class cz.mdostal.monolithicshop.configuration.AppConfiguration}&apos;, contextInitializerClasses = &apos;[]&apos;, activeProfiles = &apos;{}&apos;, propertySourceLocations = &apos;{}&apos;, propertySourceProperties = &apos;{classpath:persistence-test.properties, classpath:application.properties}&apos;, contextCustomizers = set[[empty]], contextLoader = &apos;org.springframework.test.context.support.AnnotationConfigContextLoader&apos;, parent = [null]]]
15:11:55.627 [main] DEBUG org.springframework.test.context.cache - Spring test ApplicationContext cache statistics: [DefaultContextCache@4de79b7d size = 1, maxSize = 32, parentContextCount = 0, hitCount = 2, missCount = 1]
15:11:55.634 [main] DEBUG org.springframework.test.context.transaction.TransactionalTestExecutionListener - No method-level @Rollback override: using default rollback [true] for test context [DefaultTestContext@727803de testClass = CustomerDaoTest, testInstance = cz.mdostal.monolithicshop.dao.CustomerDaoTest@290dbf45, testMethod = testGetCustomerById@CustomerDaoTest, testException = [null], mergedContextConfiguration = [MergedContextConfiguration@704921a5 testClass = CustomerDaoTest, locations = &apos;{}&apos;, classes = &apos;{class cz.mdostal.monolithicshop.configuration.PersistenceConfiguration, class cz.mdostal.monolithicshop.configuration.AppConfiguration}&apos;, contextInitializerClasses = &apos;[]&apos;, activeProfiles = &apos;{}&apos;, propertySourceLocations = &apos;{}&apos;, propertySourceProperties = &apos;{classpath:persistence-test.properties, classpath:application.properties}&apos;, contextCustomizers = set[[empty]], contextLoader = &apos;org.springframework.test.context.support.AnnotationConfigContextLoader&apos;, parent = [null]], attributes = map[[empty]]].
15:11:55.636 [main] DEBUG org.springframework.orm.hibernate5.HibernateTransactionManager - Creating new transaction with name [cz.mdostal.monolithicshop.dao.CustomerDaoTest.testGetCustomerById]: PROPAGATION_REQUIRED,ISOLATION_DEFAULT
15:11:55.637 [main] DEBUG org.springframework.orm.hibernate5.HibernateTransactionManager - Opened new Session [SessionImpl(1715876585&lt;open&gt;)] for Hibernate transaction
15:11:55.639 [main] DEBUG org.springframework.jdbc.datasource.DriverManagerDataSource - Creating new JDBC DriverManager Connection to [jdbc:mysql://localhost:3306/SAMPLE_DB?useUnicode=true&amp;useJDBCCompliantTimezoneShift=true&amp;useLegacyDatetimeCode=false&amp;serverTimezone=UTC]
15:11:55.661 [main] DEBUG org.springframework.orm.hibernate5.HibernateTransactionManager - Exposing Hibernate transaction as JDBC [org.springframework.orm.hibernate5.HibernateTransactionManager$$Lambda$424/1835477972@67770b37]
15:11:55.662 [main] INFO org.springframework.test.context.transaction.TransactionContext - Began transaction (1) for test context [DefaultTestContext@727803de testClass = CustomerDaoTest, testInstance = cz.mdostal.monolithicshop.dao.CustomerDaoTest@290dbf45, testMethod = testGetCustomerById@CustomerDaoTest, testException = [null], mergedContextConfiguration = [MergedContextConfiguration@704921a5 testClass = CustomerDaoTest, locations = &apos;{}&apos;, classes = &apos;{class cz.mdostal.monolithicshop.configuration.PersistenceConfiguration, class cz.mdostal.monolithicshop.configuration.AppConfiguration}&apos;, contextInitializerClasses = &apos;[]&apos;, activeProfiles = &apos;{}&apos;, propertySourceLocations = &apos;{}&apos;, propertySourceProperties = &apos;{classpath:persistence-test.properties, classpath:application.properties}&apos;, contextCustomizers = set[[empty]], contextLoader = &apos;org.springframework.test.context.support.AnnotationConfigContextLoader&apos;, parent = [null]], attributes = map[[empty]]]; transaction manager [org.springframework.orm.hibernate5.HibernateTransactionManager@3ddeaa5f]; rollback [true]
15:11:55.672 [main] DEBUG org.springframework.test.context.cache.DefaultCacheAwareContextLoaderDelegate - Retrieved ApplicationContext [1225197672] from cache with key [[MergedContextConfiguration@704921a5 testClass = CustomerDaoTest, locations = &apos;{}&apos;, classes = &apos;{class cz.mdostal.monolithicshop.configuration.PersistenceConfiguration, class cz.mdostal.monolithicshop.configuration.AppConfiguration}&apos;, contextInitializerClasses = &apos;[]&apos;, activeProfiles = &apos;{}&apos;, propertySourceLocations = &apos;{}&apos;, propertySourceProperties = &apos;{classpath:persistence-test.properties, classpath:application.properties}&apos;, contextCustomizers = set[[empty]], contextLoader = &apos;org.springframework.test.context.support.AnnotationConfigContextLoader&apos;, parent = [null]]]
15:11:55.672 [main] DEBUG org.springframework.test.context.cache - Spring test ApplicationContext cache statistics: [DefaultContextCache@4de79b7d size = 1, maxSize = 32, parentContextCount = 0, hitCount = 3, missCount = 1]
15:11:55.684 [main] DEBUG org.springframework.orm.hibernate5.HibernateTransactionManager - Found thread-bound Session [SessionImpl(1715876585&lt;open&gt;)] for Hibernate transaction
15:11:55.684 [main] DEBUG org.springframework.orm.hibernate5.HibernateTransactionManager - Participating in existing transaction
15:11:55.696 [main] DEBUG org.springframework.data.repository.core.support.TransactionalRepositoryProxyPostProcessor$CustomAnnotationTransactionAttributeSource - Adding transactional method &apos;save&apos; with attribute: PROPAGATION_REQUIRED,ISOLATION_DEFAULT
15:11:55.697 [main] DEBUG org.springframework.orm.hibernate5.HibernateTransactionManager - Found thread-bound Session [SessionImpl(1715876585&lt;open&gt;)] for Hibernate transaction
15:11:55.697 [main] DEBUG org.springframework.orm.hibernate5.HibernateTransactionManager - Participating in existing transaction
15:11:55.707 [main] DEBUG org.springframework.orm.jpa.EntityManagerFactoryUtils - Opening JPA EntityManager
INFO    2020-08-04 15:11:55,734 [main] cz.mdostal.monolithicshop.util.TestDataCreator  - Test data imported
Finished
15:11:55.735 [main] DEBUG org.springframework.test.context.cache.DefaultCacheAwareContextLoaderDelegate - Retrieved ApplicationContext [1225197672] from cache with key [[MergedContextConfiguration@704921a5 testClass = CustomerDaoTest, locations = &apos;{}&apos;, classes = &apos;{class cz.mdostal.monolithicshop.configuration.PersistenceConfiguration, class cz.mdostal.monolithicshop.configuration.AppConfiguration}&apos;, contextInitializerClasses = &apos;[]&apos;, activeProfiles = &apos;{}&apos;, propertySourceLocations = &apos;{}&apos;, propertySourceProperties = &apos;{classpath:persistence-test.properties, classpath:application.properties}&apos;, contextCustomizers = set[[empty]], contextLoader = &apos;org.springframework.test.context.support.AnnotationConfigContextLoader&apos;, parent = [null]]]
15:11:55.735 [main] DEBUG org.springframework.test.context.cache - Spring test ApplicationContext cache statistics: [DefaultContextCache@4de79b7d size = 1, maxSize = 32, parentContextCount = 0, hitCount = 4, missCount = 1]
15:11:55.736 [main] DEBUG org.springframework.orm.hibernate5.HibernateTransactionManager - Found thread-bound Session [SessionImpl(1715876585&lt;open&gt;)] for Hibernate transaction
15:11:55.736 [main] DEBUG org.springframework.orm.hibernate5.HibernateTransactionManager - Participating in existing transaction
15:11:55.736 [main] DEBUG org.springframework.data.repository.core.support.TransactionalRepositoryProxyPostProcessor$CustomAnnotationTransactionAttributeSource - Adding transactional method &apos;findById&apos; with attribute: PROPAGATION_REQUIRED,ISOLATION_DEFAULT,readOnly
15:11:55.737 [main] DEBUG org.springframework.orm.hibernate5.HibernateTransactionManager - Found thread-bound Session [SessionImpl(1715876585&lt;open&gt;)] for Hibernate transaction
15:11:55.737 [main] DEBUG org.springframework.orm.hibernate5.HibernateTransactionManager - Participating in existing transaction
15:11:55.747 [main] DEBUG org.springframework.jdbc.datasource.DriverManagerDataSource - Creating new JDBC DriverManager Connection to [jdbc:mysql://localhost:3306/SAMPLE_DB?useUnicode=true&amp;useJDBCCompliantTimezoneShift=true&amp;useLegacyDatetimeCode=false&amp;serverTimezone=UTC]
15:11:55.809 [main] DEBUG org.springframework.test.context.cache.DefaultCacheAwareContextLoaderDelegate - Retrieved ApplicationContext [1225197672] from cache with key [[MergedContextConfiguration@704921a5 testClass = CustomerDaoTest, locations = &apos;{}&apos;, classes = &apos;{class cz.mdostal.monolithicshop.configuration.PersistenceConfiguration, class cz.mdostal.monolithicshop.configuration.AppConfiguration}&apos;, contextInitializerClasses = &apos;[]&apos;, activeProfiles = &apos;{}&apos;, propertySourceLocations = &apos;{}&apos;, propertySourceProperties = &apos;{classpath:persistence-test.properties, classpath:application.properties}&apos;, contextCustomizers = set[[empty]], contextLoader = &apos;org.springframework.test.context.support.AnnotationConfigContextLoader&apos;, parent = [null]]]
15:11:55.809 [main] DEBUG org.springframework.test.context.cache - Spring test ApplicationContext cache statistics: [DefaultContextCache@4de79b7d size = 1, maxSize = 32, parentContextCount = 0, hitCount = 5, missCount = 1]
15:11:55.811 [main] DEBUG org.springframework.test.context.cache.DefaultCacheAwareContextLoaderDelegate - Retrieved ApplicationContext [1225197672] from cache with key [[MergedContextConfiguration@704921a5 testClass = CustomerDaoTest, locations = &apos;{}&apos;, classes = &apos;{class cz.mdostal.monolithicshop.configuration.PersistenceConfiguration, class cz.mdostal.monolithicshop.configuration.AppConfiguration}&apos;, contextInitializerClasses = &apos;[]&apos;, activeProfiles = &apos;{}&apos;, propertySourceLocations = &apos;{}&apos;, propertySourceProperties = &apos;{classpath:persistence-test.properties, classpath:application.properties}&apos;, contextCustomizers = set[[empty]], contextLoader = &apos;org.springframework.test.context.support.AnnotationConfigContextLoader&apos;, parent = [null]]]
15:11:55.811 [main] DEBUG org.springframework.test.context.cache - Spring test ApplicationContext cache statistics: [DefaultContextCache@4de79b7d size = 1, maxSize = 32, parentContextCount = 0, hitCount = 6, missCount = 1]
15:11:55.814 [main] DEBUG org.springframework.orm.hibernate5.HibernateTransactionManager - Initiating transaction rollback
15:11:55.814 [main] DEBUG org.springframework.orm.hibernate5.HibernateTransactionManager - Rolling back Hibernate transaction on Session [SessionImpl(1715876585&lt;open&gt;)]
15:11:55.818 [main] DEBUG org.springframework.orm.hibernate5.HibernateTransactionManager - Closing Hibernate Session [SessionImpl(1715876585&lt;open&gt;)] after transaction
15:11:55.819 [main] INFO org.springframework.test.context.transaction.TransactionContext - Rolled back transaction for test: [DefaultTestContext@727803de testClass = CustomerDaoTest, testInstance = cz.mdostal.monolithicshop.dao.CustomerDaoTest@290dbf45, testMethod = testGetCustomerById@CustomerDaoTest, testException = java.lang.AssertionError, mergedContextConfiguration = [MergedContextConfiguration@704921a5 testClass = CustomerDaoTest, locations = &apos;{}&apos;, classes = &apos;{class cz.mdostal.monolithicshop.configuration.PersistenceConfiguration, class cz.mdostal.monolithicshop.configuration.AppConfiguration}&apos;, contextInitializerClasses = &apos;[]&apos;, activeProfiles = &apos;{}&apos;, propertySourceLocations = &apos;{}&apos;, propertySourceProperties = &apos;{classpath:persistence-test.properties, classpath:application.properties}&apos;, contextCustomizers = set[[empty]], contextLoader = &apos;org.springframework.test.context.support.AnnotationConfigContextLoader&apos;, parent = [null]], attributes = map[[empty]]]
15:11:55.820 [main] DEBUG org.springframework.test.context.support.AbstractDirtiesContextTestExecutionListener - After test method: context [DefaultTestContext@727803de testClass = CustomerDaoTest, testInstance = cz.mdostal.monolithicshop.dao.CustomerDaoTest@290dbf45, testMethod = testGetCustomerById@CustomerDaoTest, testException = java.lang.AssertionError, mergedContextConfiguration = [MergedContextConfiguration@704921a5 testClass = CustomerDaoTest, locations = &apos;{}&apos;, classes = &apos;{class cz.mdostal.monolithicshop.configuration.PersistenceConfiguration, class cz.mdostal.monolithicshop.configuration.AppConfiguration}&apos;, contextInitializerClasses = &apos;[]&apos;, activeProfiles = &apos;{}&apos;, propertySourceLocations = &apos;{}&apos;, propertySourceProperties = &apos;{classpath:persistence-test.properties, classpath:application.properties}&apos;, contextCustomizers = set[[empty]], contextLoader = &apos;org.springframework.test.context.support.AnnotationConfigContextLoader&apos;, parent = [null]], attributes = map[[empty]]], class annotated with @DirtiesContext [false] with mode [null], method annotated with @DirtiesContext [false] with mode [null].
</system-out>
    <system-err>Loading class `com.mysql.jdbc.Driver&apos;. This is deprecated. The new driver class is `com.mysql.cj.jdbc.Driver&apos;. The driver is automatically registered via the SPI and manual loading of the driver class is generally unnecessary.
</system-err>
  </testcase>
  <testcase classname="cz.mdostal.monolithicshop.dao.CustomerDaoTest" name="testGetCustomerByUsername" time="0.234">
    <failure type="java.lang.AssertionError">java.lang.AssertionError
	at org.junit.Assert.fail(Assert.java:86)
	at org.junit.Assert.assertTrue(Assert.java:41)
	at org.junit.Assert.assertTrue(Assert.java:52)
	at cz.mdostal.monolithicshop.dao.CustomerDaoTest.testGetCustomerByUsername(CustomerDaoTest.java:75)
	at sun.reflect.NativeMethodAccessorImpl.invoke0(Native Method)
	at sun.reflect.NativeMethodAccessorImpl.invoke(NativeMethodAccessorImpl.java:62)
	at sun.reflect.DelegatingMethodAccessorImpl.invoke(DelegatingMethodAccessorImpl.java:43)
	at java.lang.reflect.Method.invoke(Method.java:498)
	at org.junit.runners.model.FrameworkMethod$1.runReflectiveCall(FrameworkMethod.java:50)
	at org.junit.internal.runners.model.ReflectiveCallable.run(ReflectiveCallable.java:12)
	at org.junit.runners.model.FrameworkMethod.invokeExplosively(FrameworkMethod.java:47)
	at org.junit.internal.runners.statements.InvokeMethod.evaluate(InvokeMethod.java:17)
	at org.springframework.test.context.junit4.statements.RunBeforeTestExecutionCallbacks.evaluate(RunBeforeTestExecutionCallbacks.java:74)
	at org.springframework.test.context.junit4.statements.RunAfterTestExecutionCallbacks.evaluate(RunAfterTestExecutionCallbacks.java:84)
	at org.junit.internal.runners.statements.RunBefores.evaluate(RunBefores.java:26)
	at org.springframework.test.context.junit4.statements.RunBeforeTestMethodCallbacks.evaluate(RunBeforeTestMethodCallbacks.java:75)
	at org.springframework.test.context.junit4.statements.RunAfterTestMethodCallbacks.evaluate(RunAfterTestMethodCallbacks.java:86)
	at org.springframework.test.context.junit4.statements.SpringRepeat.evaluate(SpringRepeat.java:84)
	at org.junit.runners.ParentRunner.runLeaf(ParentRunner.java:325)
	at org.springframework.test.context.junit4.SpringJUnit4ClassRunner.runChild(SpringJUnit4ClassRunner.java:251)
	at org.springframework.test.context.junit4.SpringJUnit4ClassRunner.runChild(SpringJUnit4ClassRunner.java:97)
	at org.junit.runners.ParentRunner$3.run(ParentRunner.java:290)
	at org.junit.runners.ParentRunner$1.schedule(ParentRunner.java:71)
	at org.junit.runners.ParentRunner.runChildren(ParentRunner.java:288)
	at org.junit.runners.ParentRunner.access$000(ParentRunner.java:58)
	at org.junit.runners.ParentRunner$2.evaluate(ParentRunner.java:268)
	at org.springframework.test.context.junit4.statements.RunBeforeTestClassCallbacks.evaluate(RunBeforeTestClassCallbacks.java:61)
	at org.springframework.test.context.junit4.statements.RunAfterTestClassCallbacks.evaluate(RunAfterTestClassCallbacks.java:70)
	at org.junit.runners.ParentRunner.run(ParentRunner.java:363)
	at org.springframework.test.context.junit4.SpringJUnit4ClassRunner.run(SpringJUnit4ClassRunner.java:190)
	at org.apache.maven.surefire.junit4.JUnit4Provider.execute(JUnit4Provider.java:252)
	at org.apache.maven.surefire.junit4.JUnit4Provider.executeTestSet(JUnit4Provider.java:141)
	at org.apache.maven.surefire.junit4.JUnit4Provider.invoke(JUnit4Provider.java:112)
	at sun.reflect.NativeMethodAccessorImpl.invoke0(Native Method)
	at sun.reflect.NativeMethodAccessorImpl.invoke(NativeMethodAccessorImpl.java:62)
	at sun.reflect.DelegatingMethodAccessorImpl.invoke(DelegatingMethodAccessorImpl.java:43)
	at java.lang.reflect.Method.invoke(Method.java:498)
	at org.apache.maven.surefire.util.ReflectionUtils.invokeMethodWithArray(ReflectionUtils.java:189)
	at org.apache.maven.surefire.booter.ProviderFactory$ProviderProxy.invoke(ProviderFactory.java:165)
	at org.apache.maven.surefire.booter.ProviderFactory.invokeProvider(ProviderFactory.java:85)
	at org.apache.maven.surefire.booter.ForkedBooter.runSuitesInProcess(ForkedBooter.java:115)
	at org.apache.maven.surefire.booter.ForkedBooter.main(ForkedBooter.java:75)
</failure>
    <system-out>15:11:55.824 [main] DEBUG org.springframework.test.annotation.ProfileValueUtils - Retrieved @ProfileValueSourceConfiguration [null] for test class [cz.mdostal.monolithicshop.dao.CustomerDaoTest]
15:11:55.824 [main] DEBUG org.springframework.test.annotation.ProfileValueUtils - Retrieved ProfileValueSource type [class org.springframework.test.annotation.SystemProfileValueSource] for class [cz.mdostal.monolithicshop.dao.CustomerDaoTest]
15:11:55.825 [main] DEBUG org.springframework.test.context.support.DependencyInjectionTestExecutionListener - Performing dependency injection for test context [[DefaultTestContext@727803de testClass = CustomerDaoTest, testInstance = cz.mdostal.monolithicshop.dao.CustomerDaoTest@5190010f, testMethod = [null], testException = [null], mergedContextConfiguration = [MergedContextConfiguration@704921a5 testClass = CustomerDaoTest, locations = &apos;{}&apos;, classes = &apos;{class cz.mdostal.monolithicshop.configuration.PersistenceConfiguration, class cz.mdostal.monolithicshop.configuration.AppConfiguration}&apos;, contextInitializerClasses = &apos;[]&apos;, activeProfiles = &apos;{}&apos;, propertySourceLocations = &apos;{}&apos;, propertySourceProperties = &apos;{classpath:persistence-test.properties, classpath:application.properties}&apos;, contextCustomizers = set[[empty]], contextLoader = &apos;org.springframework.test.context.support.AnnotationConfigContextLoader&apos;, parent = [null]], attributes = map[[empty]]]].
15:11:55.825 [main] DEBUG org.springframework.test.context.cache.DefaultCacheAwareContextLoaderDelegate - Retrieved ApplicationContext [1225197672] from cache with key [[MergedContextConfiguration@704921a5 testClass = CustomerDaoTest, locations = &apos;{}&apos;, classes = &apos;{class cz.mdostal.monolithicshop.configuration.PersistenceConfiguration, class cz.mdostal.monolithicshop.configuration.AppConfiguration}&apos;, contextInitializerClasses = &apos;[]&apos;, activeProfiles = &apos;{}&apos;, propertySourceLocations = &apos;{}&apos;, propertySourceProperties = &apos;{classpath:persistence-test.properties, classpath:application.properties}&apos;, contextCustomizers = set[[empty]], contextLoader = &apos;org.springframework.test.context.support.AnnotationConfigContextLoader&apos;, parent = [null]]]
15:11:55.825 [main] DEBUG org.springframework.test.context.cache - Spring test ApplicationContext cache statistics: [DefaultContextCache@4de79b7d size = 1, maxSize = 32, parentContextCount = 0, hitCount = 7, missCount = 1]
15:11:55.825 [main] DEBUG org.springframework.test.context.cache.DefaultCacheAwareContextLoaderDelegate - Retrieved ApplicationContext [1225197672] from cache with key [[MergedContextConfiguration@704921a5 testClass = CustomerDaoTest, locations = &apos;{}&apos;, classes = &apos;{class cz.mdostal.monolithicshop.configuration.PersistenceConfiguration, class cz.mdostal.monolithicshop.configuration.AppConfiguration}&apos;, contextInitializerClasses = &apos;[]&apos;, activeProfiles = &apos;{}&apos;, propertySourceLocations = &apos;{}&apos;, propertySourceProperties = &apos;{classpath:persistence-test.properties, classpath:application.properties}&apos;, contextCustomizers = set[[empty]], contextLoader = &apos;org.springframework.test.context.support.AnnotationConfigContextLoader&apos;, parent = [null]]]
15:11:55.825 [main] DEBUG org.springframework.test.context.cache - Spring test ApplicationContext cache statistics: [DefaultContextCache@4de79b7d size = 1, maxSize = 32, parentContextCount = 0, hitCount = 8, missCount = 1]
15:11:55.826 [main] DEBUG org.springframework.test.context.support.AbstractDirtiesContextTestExecutionListener - Before test method: context [DefaultTestContext@727803de testClass = CustomerDaoTest, testInstance = cz.mdostal.monolithicshop.dao.CustomerDaoTest@5190010f, testMethod = testGetCustomerByUsername@CustomerDaoTest, testException = [null], mergedContextConfiguration = [MergedContextConfiguration@704921a5 testClass = CustomerDaoTest, locations = &apos;{}&apos;, classes = &apos;{class cz.mdostal.monolithicshop.configuration.PersistenceConfiguration, class cz.mdostal.monolithicshop.configuration.AppConfiguration}&apos;, contextInitializerClasses = &apos;[]&apos;, activeProfiles = &apos;{}&apos;, propertySourceLocations = &apos;{}&apos;, propertySourceProperties = &apos;{classpath:persistence-test.properties, classpath:application.properties}&apos;, contextCustomizers = set[[empty]], contextLoader = &apos;org.springframework.test.context.support.AnnotationConfigContextLoader&apos;, parent = [null]], attributes = map[[empty]]], class annotated with @DirtiesContext [false] with mode [null], method annotated with @DirtiesContext [false] with mode [null].
15:11:55.826 [main] DEBUG org.springframework.test.context.transaction.TransactionalTestExecutionListener - Explicit transaction definition [PROPAGATION_REQUIRED,ISOLATION_DEFAULT] found for test context [DefaultTestContext@727803de testClass = CustomerDaoTest, testInstance = cz.mdostal.monolithicshop.dao.CustomerDaoTest@5190010f, testMethod = testGetCustomerByUsername@CustomerDaoTest, testException = [null], mergedContextConfiguration = [MergedContextConfiguration@704921a5 testClass = CustomerDaoTest, locations = &apos;{}&apos;, classes = &apos;{class cz.mdostal.monolithicshop.configuration.PersistenceConfiguration, class cz.mdostal.monolithicshop.configuration.AppConfiguration}&apos;, contextInitializerClasses = &apos;[]&apos;, activeProfiles = &apos;{}&apos;, propertySourceLocations = &apos;{}&apos;, propertySourceProperties = &apos;{classpath:persistence-test.properties, classpath:application.properties}&apos;, contextCustomizers = set[[empty]], contextLoader = &apos;org.springframework.test.context.support.AnnotationConfigContextLoader&apos;, parent = [null]], attributes = map[[empty]]]
15:11:55.826 [main] DEBUG org.springframework.test.context.cache.DefaultCacheAwareContextLoaderDelegate - Retrieved ApplicationContext [1225197672] from cache with key [[MergedContextConfiguration@704921a5 testClass = CustomerDaoTest, locations = &apos;{}&apos;, classes = &apos;{class cz.mdostal.monolithicshop.configuration.PersistenceConfiguration, class cz.mdostal.monolithicshop.configuration.AppConfiguration}&apos;, contextInitializerClasses = &apos;[]&apos;, activeProfiles = &apos;{}&apos;, propertySourceLocations = &apos;{}&apos;, propertySourceProperties = &apos;{classpath:persistence-test.properties, classpath:application.properties}&apos;, contextCustomizers = set[[empty]], contextLoader = &apos;org.springframework.test.context.support.AnnotationConfigContextLoader&apos;, parent = [null]]]
15:11:55.827 [main] DEBUG org.springframework.test.context.cache - Spring test ApplicationContext cache statistics: [DefaultContextCache@4de79b7d size = 1, maxSize = 32, parentContextCount = 0, hitCount = 9, missCount = 1]
15:11:55.827 [main] DEBUG org.springframework.test.context.transaction.TransactionalTestExecutionListener - No method-level @Rollback override: using default rollback [true] for test context [DefaultTestContext@727803de testClass = CustomerDaoTest, testInstance = cz.mdostal.monolithicshop.dao.CustomerDaoTest@5190010f, testMethod = testGetCustomerByUsername@CustomerDaoTest, testException = [null], mergedContextConfiguration = [MergedContextConfiguration@704921a5 testClass = CustomerDaoTest, locations = &apos;{}&apos;, classes = &apos;{class cz.mdostal.monolithicshop.configuration.PersistenceConfiguration, class cz.mdostal.monolithicshop.configuration.AppConfiguration}&apos;, contextInitializerClasses = &apos;[]&apos;, activeProfiles = &apos;{}&apos;, propertySourceLocations = &apos;{}&apos;, propertySourceProperties = &apos;{classpath:persistence-test.properties, classpath:application.properties}&apos;, contextCustomizers = set[[empty]], contextLoader = &apos;org.springframework.test.context.support.AnnotationConfigContextLoader&apos;, parent = [null]], attributes = map[[empty]]].
15:11:55.827 [main] DEBUG org.springframework.orm.hibernate5.HibernateTransactionManager - Creating new transaction with name [cz.mdostal.monolithicshop.dao.CustomerDaoTest.testGetCustomerByUsername]: PROPAGATION_REQUIRED,ISOLATION_DEFAULT
15:11:55.827 [main] DEBUG org.springframework.orm.hibernate5.HibernateTransactionManager - Opened new Session [SessionImpl(1732146867&lt;open&gt;)] for Hibernate transaction
15:11:55.827 [main] DEBUG org.springframework.jdbc.datasource.DriverManagerDataSource - Creating new JDBC DriverManager Connection to [jdbc:mysql://localhost:3306/SAMPLE_DB?useUnicode=true&amp;useJDBCCompliantTimezoneShift=true&amp;useLegacyDatetimeCode=false&amp;serverTimezone=UTC]
15:11:55.861 [main] DEBUG org.springframework.orm.hibernate5.HibernateTransactionManager - Exposing Hibernate transaction as JDBC [org.springframework.orm.hibernate5.HibernateTransactionManager$$Lambda$424/1835477972@18d11527]
15:11:55.861 [main] INFO org.springframework.test.context.transaction.TransactionContext - Began transaction (1) for test context [DefaultTestContext@727803de testClass = CustomerDaoTest, testInstance = cz.mdostal.monolithicshop.dao.CustomerDaoTest@5190010f, testMethod = testGetCustomerByUsername@CustomerDaoTest, testException = [null], mergedContextConfiguration = [MergedContextConfiguration@704921a5 testClass = CustomerDaoTest, locations = &apos;{}&apos;, classes = &apos;{class cz.mdostal.monolithicshop.configuration.PersistenceConfiguration, class cz.mdostal.monolithicshop.configuration.AppConfiguration}&apos;, contextInitializerClasses = &apos;[]&apos;, activeProfiles = &apos;{}&apos;, propertySourceLocations = &apos;{}&apos;, propertySourceProperties = &apos;{classpath:persistence-test.properties, classpath:application.properties}&apos;, contextCustomizers = set[[empty]], contextLoader = &apos;org.springframework.test.context.support.AnnotationConfigContextLoader&apos;, parent = [null]], attributes = map[[empty]]]; transaction manager [org.springframework.orm.hibernate5.HibernateTransactionManager@3ddeaa5f]; rollback [true]
15:11:55.862 [main] DEBUG org.springframework.test.context.cache.DefaultCacheAwareContextLoaderDelegate - Retrieved ApplicationContext [1225197672] from cache with key [[MergedContextConfiguration@704921a5 testClass = CustomerDaoTest, locations = &apos;{}&apos;, classes = &apos;{class cz.mdostal.monolithicshop.configuration.PersistenceConfiguration, class cz.mdostal.monolithicshop.configuration.AppConfiguration}&apos;, contextInitializerClasses = &apos;[]&apos;, activeProfiles = &apos;{}&apos;, propertySourceLocations = &apos;{}&apos;, propertySourceProperties = &apos;{classpath:persistence-test.properties, classpath:application.properties}&apos;, contextCustomizers = set[[empty]], contextLoader = &apos;org.springframework.test.context.support.AnnotationConfigContextLoader&apos;, parent = [null]]]
15:11:55.862 [main] DEBUG org.springframework.test.context.cache - Spring test ApplicationContext cache statistics: [DefaultContextCache@4de79b7d size = 1, maxSize = 32, parentContextCount = 0, hitCount = 10, missCount = 1]
15:11:55.862 [main] DEBUG org.springframework.orm.hibernate5.HibernateTransactionManager - Found thread-bound Session [SessionImpl(1732146867&lt;open&gt;)] for Hibernate transaction
15:11:55.862 [main] DEBUG org.springframework.orm.hibernate5.HibernateTransactionManager - Participating in existing transaction
15:11:55.862 [main] DEBUG org.springframework.orm.hibernate5.HibernateTransactionManager - Found thread-bound Session [SessionImpl(1732146867&lt;open&gt;)] for Hibernate transaction
15:11:55.862 [main] DEBUG org.springframework.orm.hibernate5.HibernateTransactionManager - Participating in existing transaction
15:11:55.862 [main] DEBUG org.springframework.orm.jpa.EntityManagerFactoryUtils - Opening JPA EntityManager
INFO    2020-08-04 15:11:55,872 [main] cz.mdostal.monolithicshop.util.TestDataCreator  - Test data imported
Finished
[...]
	at org.junit.runners.ParentRunner.runChildren(ParentRunner.java:288)
	at org.junit.runners.ParentRunner.access$000(ParentRunner.java:58)
	at org.junit.runners.ParentRunner$2.evaluate(ParentRunner.java:268)
	at org.springframework.test.context.junit4.statements.RunBeforeTestClassCallbacks.evaluate(RunBeforeTestClassCallbacks.java:61)
	at org.springframework.test.context.junit4.statements.RunAfterTestClassCallbacks.evaluate(RunAfterTestClassCallbacks.java:70)
	at org.junit.runners.ParentRunner.run(ParentRunner.java:363)
	at org.springframework.test.context.junit4.SpringJUnit4ClassRunner.run(SpringJUnit4ClassRunner.java:190)
	at org.apache.maven.surefire.junit4.JUnit4Provider.execute(JUnit4Provider.java:252)
	at org.apache.maven.surefire.junit4.JUnit4Provider.executeTestSet(JUnit4Provider.java:141)
	at org.apache.maven.surefire.junit4.JUnit4Provider.invoke(JUnit4Provider.java:112)
	at sun.reflect.NativeMethodAccessorImpl.invoke0(Native Method)
	at sun.reflect.NativeMethodAccessorImpl.invoke(NativeMethodAccessorImpl.java:62)
	at sun.reflect.DelegatingMethodAccessorImpl.invoke(DelegatingMethodAccessorImpl.java:43)
	at java.lang.reflect.Method.invoke(Method.java:498)
	at org.apache.maven.surefire.util.ReflectionUtils.invokeMethodWithArray(ReflectionUtils.java:189)
	at org.apache.maven.surefire.booter.ProviderFactory$ProviderProxy.invoke(ProviderFactory.java:165)
	at org.apache.maven.surefire.booter.ProviderFactory.invokeProvider(ProviderFactory.java:85)
	at org.apache.maven.surefire.booter.ForkedBooter.runSuitesInProcess(ForkedBooter.java:115)
	at org.apache.maven.surefire.booter.ForkedBooter.main(ForkedBooter.java:75)
</failure>
    <system-out>15:11:56.350 [main] DEBUG org.springframework.test.annotation.ProfileValueUtils - Retrieved @ProfileValueSourceConfiguration [null] for test class [cz.mdostal.monolithicshop.dao.CustomerDaoTest]
15:11:56.351 [main] DEBUG org.springframework.test.annotation.ProfileValueUtils - Retrieved ProfileValueSource type [class org.springframework.test.annotation.SystemProfileValueSource] for class [cz.mdostal.monolithicshop.dao.CustomerDaoTest]
15:11:56.351 [main] DEBUG org.springframework.test.context.support.DependencyInjectionTestExecutionListener - Performing dependency injection for test context [[DefaultTestContext@727803de testClass = CustomerDaoTest, testInstance = cz.mdostal.monolithicshop.dao.CustomerDaoTest@58eac00e, testMethod = [null], testException = [null], mergedContextConfiguration = [MergedContextConfiguration@704921a5 testClass = CustomerDaoTest, locations = &apos;{}&apos;, classes = &apos;{class cz.mdostal.monolithicshop.configuration.PersistenceConfiguration, class cz.mdostal.monolithicshop.configuration.AppConfiguration}&apos;, contextInitializerClasses = &apos;[]&apos;, activeProfiles = &apos;{}&apos;, propertySourceLocations = &apos;{}&apos;, propertySourceProperties = &apos;{classpath:persistence-test.properties, classpath:application.properties}&apos;, contextCustomizers = set[[empty]], contextLoader = &apos;org.springframework.test.context.support.AnnotationConfigContextLoader&apos;, parent = [null]], attributes = map[[empty]]]].
15:11:56.351 [main] DEBUG org.springframework.test.context.cache.DefaultCacheAwareContextLoaderDelegate - Retrieved ApplicationContext [1225197672] from cache with key [[MergedContextConfiguration@704921a5 testClass = CustomerDaoTest, locations = &apos;{}&apos;, classes = &apos;{class cz.mdostal.monolithicshop.configuration.PersistenceConfiguration, class cz.mdostal.monolithicshop.configuration.AppConfiguration}&apos;, contextInitializerClasses = &apos;[]&apos;, activeProfiles = &apos;{}&apos;, propertySourceLocations = &apos;{}&apos;, propertySourceProperties = &apos;{classpath:persistence-test.properties, classpath:application.properties}&apos;, contextCustomizers = set[[empty]], contextLoader = &apos;org.springframework.test.context.support.AnnotationConfigContextLoader&apos;, parent = [null]]]
15:11:56.351 [main] DEBUG org.springframework.test.context.cache - Spring test ApplicationContext cache statistics: [DefaultContextCache@4de79b7d size = 1, maxSize = 32, parentContextCount = 0, hitCount = 35, missCount = 1]
15:11:56.351 [main] DEBUG org.springframework.test.context.cache.DefaultCacheAwareContextLoaderDelegate - Retrieved ApplicationContext [1225197672] from cache with key [[MergedContextConfiguration@704921a5 testClass = CustomerDaoTest, locations = &apos;{}&apos;, classes = &apos;{class cz.mdostal.monolithicshop.configuration.PersistenceConfiguration, class cz.mdostal.monolithicshop.configuration.AppConfiguration}&apos;, contextInitializerClasses = &apos;[]&apos;, activeProfiles = &apos;{}&apos;, propertySourceLocations = &apos;{}&apos;, propertySourceProperties = &apos;{classpath:persistence-test.properties, classpath:application.properties}&apos;, contextCustomizers = set[[empty]], contextLoader = &apos;org.springframework.test.context.support.AnnotationConfigContextLoader&apos;, parent = [null]]]
15:11:56.351 [main] DEBUG org.springframework.test.context.cache - Spring test ApplicationContext cache statistics: [DefaultContextCache@4de79b7d size = 1, maxSize = 32, parentContextCount = 0, hitCount = 36, missCount = 1]
15:11:56.360 [main] DEBUG org.springframework.test.context.support.AbstractDirtiesContextTestExecutionListener - Before test method: context [DefaultTestContext@727803de testClass = CustomerDaoTest, testInstance = cz.mdostal.monolithicshop.dao.CustomerDaoTest@58eac00e, testMethod = testDeleteCustomer@CustomerDaoTest, testException = [null], mergedContextConfiguration = [MergedContextConfiguration@704921a5 testClass = CustomerDaoTest, locations = &apos;{}&apos;, classes = &apos;{class cz.mdostal.monolithicshop.configuration.PersistenceConfiguration, class cz.mdostal.monolithicshop.configuration.AppConfiguration}&apos;, contextInitializerClasses = &apos;[]&apos;, activeProfiles = &apos;{}&apos;, propertySourceLocations = &apos;{}&apos;, propertySourceProperties = &apos;{classpath:persistence-test.properties, classpath:application.properties}&apos;, contextCustomizers = set[[empty]], contextLoader = &apos;org.springframework.test.context.support.AnnotationConfigContextLoader&apos;, parent = [null]], attributes = map[[empty]]], class annotated with @DirtiesContext [false] with mode [null], method annotated with @DirtiesContext [false] with mode [null].
15:11:56.360 [main] DEBUG org.springframework.test.context.transaction.TransactionalTestExecutionListener - Explicit transaction definition [PROPAGATION_REQUIRED,ISOLATION_DEFAULT] found for test context [DefaultTestContext@727803de testClass = CustomerDaoTest, testInstance = cz.mdostal.monolithicshop.dao.CustomerDaoTest@58eac00e, testMethod = testDeleteCustomer@CustomerDaoTest, testException = [null], mergedContextConfiguration = [MergedContextConfiguration@704921a5 testClass = CustomerDaoTest, locations = &apos;{}&apos;, classes = &apos;{class cz.mdostal.monolithicshop.configuration.PersistenceConfiguration, class cz.mdostal.monolithicshop.configuration.AppConfiguration}&apos;, contextInitializerClasses = &apos;[]&apos;, activeProfiles = &apos;{}&apos;, propertySourceLocations = &apos;{}&apos;, propertySourceProperties = &apos;{classpath:persistence-test.properties, classpath:application.properties}&apos;, contextCustomizers = set[[empty]], contextLoader = &apos;org.springframework.test.context.support.AnnotationConfigContextLoader&apos;, parent = [null]], attributes = map[[empty]]]
15:11:56.361 [main] DEBUG org.springframework.test.context.cache.DefaultCacheAwareContextLoaderDelegate - Retrieved ApplicationContext [1225197672] from cache with key [[MergedContextConfiguration@704921a5 testClass = CustomerDaoTest, locations = &apos;{}&apos;, classes = &apos;{class cz.mdostal.monolithicshop.configuration.PersistenceConfiguration, class cz.mdostal.monolithicshop.configuration.AppConfiguration}&apos;, contextInitializerClasses = &apos;[]&apos;, activeProfiles = &apos;{}&apos;, propertySourceLocations = &apos;{}&apos;, propertySourceProperties = &apos;{classpath:persistence-test.properties, classpath:application.properties}&apos;, contextCustomizers = set[[empty]], contextLoader = &apos;org.springframework.test.context.support.AnnotationConfigContextLoader&apos;, parent = [null]]]
15:11:56.361 [main] DEBUG org.springframework.test.context.cache - Spring test ApplicationContext cache statistics: [DefaultContextCache@4de79b7d size = 1, maxSize = 32, parentContextCount = 0, hitCount = 37, missCount = 1]
15:11:56.361 [main] DEBUG org.springframework.test.context.transaction.TransactionalTestExecutionListener - No method-level @Rollback override: using default rollback [true] for test context [DefaultTestContext@727803de testClass = CustomerDaoTest, testInstance = cz.mdostal.monolithicshop.dao.CustomerDaoTest@58eac00e, testMethod = testDeleteCustomer@CustomerDaoTest, testException = [null], mergedContextConfiguration = [MergedContextConfiguration@704921a5 testClass = CustomerDaoTest, locations = &apos;{}&apos;, classes = &apos;{class cz.mdostal.monolithicshop.configuration.PersistenceConfiguration, class cz.mdostal.monolithicshop.configuration.AppConfiguration}&apos;, contextInitializerClasses = &apos;[]&apos;, activeProfiles = &apos;{}&apos;, propertySourceLocations = &apos;{}&apos;, propertySourceProperties = &apos;{classpath:persistence-test.properties, classpath:application.properties}&apos;, contextCustomizers = set[[empty]], contextLoader = &apos;org.springframework.test.context.support.AnnotationConfigContextLoader&apos;, parent = [null]], attributes = map[[empty]]].
15:11:56.361 [main] DEBUG org.springframework.orm.hibernate5.HibernateTransactionManager - Creating new transaction with name [cz.mdostal.monolithicshop.dao.CustomerDaoTest.testDeleteCustomer]: PROPAGATION_REQUIRED,ISOLATION_DEFAULT
15:11:56.361 [main] DEBUG org.springframework.orm.hibernate5.HibernateTransactionManager - Opened new Session [SessionImpl(1792015149&lt;open&gt;)] for Hibernate transaction
15:11:56.361 [main] DEBUG org.springframework.jdbc.datasource.DriverManagerDataSource - Creating new JDBC DriverManager Connection to [jdbc:mysql://localhost:3306/SAMPLE_DB?useUnicode=true&amp;useJDBCCompliantTimezoneShift=true&amp;useLegacyDatetimeCode=false&amp;serverTimezone=UTC]
15:11:56.377 [main] DEBUG org.springframework.orm.hibernate5.HibernateTransactionManager - Exposing Hibernate transaction as JDBC [org.springframework.orm.hibernate5.HibernateTransactionManager$$Lambda$424/1835477972@149c39b]
15:11:56.377 [main] INFO org.springframework.test.context.transaction.TransactionContext - Began transaction (1) for test context [DefaultTestContext@727803de testClass = CustomerDaoTest, testInstance = cz.mdostal.monolithicshop.dao.CustomerDaoTest@58eac00e, testMethod = testDeleteCustomer@CustomerDaoTest, testException = [null], mergedContextConfiguration = [MergedContextConfiguration@704921a5 testClass = CustomerDaoTest, locations = &apos;{}&apos;, classes = &apos;{class cz.mdostal.monolithicshop.configuration.PersistenceConfiguration, class cz.mdostal.monolithicshop.configuration.AppConfiguration}&apos;, contextInitializerClasses = &apos;[]&apos;, activeProfiles = &apos;{}&apos;, propertySourceLocations = &apos;{}&apos;, propertySourceProperties = &apos;{classpath:persistence-test.properties, classpath:application.properties}&apos;, contextCustomizers = set[[empty]], contextLoader = &apos;org.springframework.test.context.support.AnnotationConfigContextLoader&apos;, parent = [null]], attributes = map[[empty]]]; transaction manager [org.springframework.orm.hibernate5.HibernateTransactionManager@3ddeaa5f]; rollback [true]
15:11:56.378 [main] DEBUG org.springframework.test.context.cache.DefaultCacheAwareContextLoaderDelegate - Retrieved ApplicationContext [1225197672] from cache with key [[MergedContextConfiguration@704921a5 testClass = CustomerDaoTest, locations = &apos;{}&apos;, classes = &apos;{class cz.mdostal.monolithicshop.configuration.PersistenceConfiguration, class cz.mdostal.monolithicshop.configuration.AppConfiguration}&apos;, contextInitializerClasses = &apos;[]&apos;, activeProfiles = &apos;{}&apos;, propertySourceLocations = &apos;{}&apos;, propertySourceProperties = &apos;{classpath:persistence-test.properties, classpath:application.properties}&apos;, contextCustomizers = set[[empty]], contextLoader = &apos;org.springframework.test.context.support.AnnotationConfigContextLoader&apos;, parent = [null]]]
15:11:56.378 [main] DEBUG org.springframework.test.context.cache - Spring test ApplicationContext cache statistics: [DefaultContextCache@4de79b7d size = 1, maxSize = 32, parentContextCount = 0, hitCount = 38, missCount = 1]
15:11:56.379 [main] DEBUG org.springframework.orm.hibernate5.HibernateTransactionManager - Found thread-bound Session [SessionImpl(1792015149&lt;open&gt;)] for Hibernate transaction
15:11:56.379 [main] DEBUG org.springframework.orm.hibernate5.HibernateTransactionManager - Participating in existing transaction
15:11:56.379 [main] DEBUG org.springframework.orm.hibernate5.HibernateTransactionManager - Found thread-bound Session [SessionImpl(1792015149&lt;open&gt;)] for Hibernate transaction
15:11:56.379 [main] DEBUG org.springframework.orm.hibernate5.HibernateTransactionManager - Participating in existing transaction
15:11:56.379 [main] DEBUG org.springframework.orm.jpa.EntityManagerFactoryUtils - Opening JPA EntityManager
INFO    2020-08-04 15:11:56,380 [main] cz.mdostal.monolithicshop.util.TestDataCreator  - Test data imported
Finished
15:11:56.381 [main] DEBUG org.springframework.test.context.cache.DefaultCacheAwareContextLoaderDelegate - Retrieved ApplicationContext [1225197672] from cache with key [[MergedContextConfiguration@704921a5 testClass = CustomerDaoTest, locations = &apos;{}&apos;, classes = &apos;{class cz.mdostal.monolithicshop.configuration.PersistenceConfiguration, class cz.mdostal.monolithicshop.configuration.AppConfiguration}&apos;, contextInitializerClasses = &apos;[]&apos;, activeProfiles = &apos;{}&apos;, propertySourceLocations = &apos;{}&apos;, propertySourceProperties = &apos;{classpath:persistence-test.properties, classpath:application.properties}&apos;, contextCustomizers = set[[empty]], contextLoader = &apos;org.springframework.test.context.support.AnnotationConfigContextLoader&apos;, parent = [null]]]
15:11:56.381 [main] DEBUG org.springframework.test.context.cache - Spring test ApplicationContext cache statistics: [DefaultContextCache@4de79b7d size = 1, maxSize = 32, parentContextCount = 0, hitCount = 39, missCount = 1]
15:11:56.381 [main] DEBUG org.springframework.orm.hibernate5.HibernateTransactionManager - Found thread-bound Session [SessionImpl(1792015149&lt;open&gt;)] for Hibernate transaction
15:11:56.381 [main] DEBUG org.springframework.orm.hibernate5.HibernateTransactionManager - Participating in existing transaction
15:11:56.382 [main] DEBUG org.springframework.jdbc.datasource.DriverManagerDataSource - Creating new JDBC DriverManager Connection to [jdbc:mysql://localhost:3306/SAMPLE_DB?useUnicode=true&amp;useJDBCCompliantTimezoneShift=true&amp;useLegacyDatetimeCode=false&amp;serverTimezone=UTC]
15:11:56.404 [main] DEBUG org.springframework.test.context.cache.DefaultCacheAwareContextLoaderDelegate - Retrieved ApplicationContext [1225197672] from cache with key [[MergedContextConfiguration@704921a5 testClass = CustomerDaoTest, locations = &apos;{}&apos;, classes = &apos;{class cz.mdostal.monolithicshop.configuration.PersistenceConfiguration, class cz.mdostal.monolithicshop.configuration.AppConfiguration}&apos;, contextInitializerClasses = &apos;[]&apos;, activeProfiles = &apos;{}&apos;, propertySourceLocations = &apos;{}&apos;, propertySourceProperties = &apos;{classpath:persistence-test.properties, classpath:application.properties}&apos;, contextCustomizers = set[[empty]], contextLoader = &apos;org.springframework.test.context.support.AnnotationConfigContextLoader&apos;, parent = [null]]]
15:11:56.404 [main] DEBUG org.springframework.test.context.cache - Spring test ApplicationContext cache statistics: [DefaultContextCache@4de79b7d size = 1, maxSize = 32, parentContextCount = 0, hitCount = 40, missCount = 1]
15:11:56.404 [main] DEBUG org.springframework.test.context.cache.DefaultCacheAwareContextLoaderDelegate - Retrieved ApplicationContext [1225197672] from cache with key [[MergedContextConfiguration@704921a5 testClass = CustomerDaoTest, locations = &apos;{}&apos;, classes = &apos;{class cz.mdostal.monolithicshop.configuration.PersistenceConfiguration, class cz.mdostal.monolithicshop.configuration.AppConfiguration}&apos;, contextInitializerClasses = &apos;[]&apos;, activeProfiles = &apos;{}&apos;, propertySourceLocations = &apos;{}&apos;, propertySourceProperties = &apos;{classpath:persistence-test.properties, classpath:application.properties}&apos;, contextCustomizers = set[[empty]], contextLoader = &apos;org.springframework.test.context.support.AnnotationConfigContextLoader&apos;, parent = [null]]]
15:11:56.404 [main] DEBUG org.springframework.test.context.cache - Spring test ApplicationContext cache statistics: [DefaultContextCache@4de79b7d size = 1, maxSize = 32, parentContextCount = 0, hitCount = 41, missCount = 1]
15:11:56.405 [main] DEBUG org.springframework.orm.hibernate5.HibernateTransactionManager - Initiating transaction rollback
15:11:56.405 [main] DEBUG org.springframework.orm.hibernate5.HibernateTransactionManager - Rolling back Hibernate transaction on Session [SessionImpl(1792015149&lt;open&gt;)]
15:11:56.406 [main] DEBUG org.springframework.orm.hibernate5.HibernateTransactionManager - Closing Hibernate Session [SessionImpl(1792015149&lt;open&gt;)] after transaction
15:11:56.407 [main] INFO org.springframework.test.context.transaction.TransactionContext - Rolled back transaction for test: [DefaultTestContext@727803de testClass = CustomerDaoTest, testInstance = cz.mdostal.monolithicshop.dao.CustomerDaoTest@58eac00e, testMethod = testDeleteCustomer@CustomerDaoTest, testException = java.lang.AssertionError, mergedContextConfiguration = [MergedContextConfiguration@704921a5 testClass = CustomerDaoTest, locations = &apos;{}&apos;, classes = &apos;{class cz.mdostal.monolithicshop.configuration.PersistenceConfiguration, class cz.mdostal.monolithicshop.configuration.AppConfiguration}&apos;, contextInitializerClasses = &apos;[]&apos;, activeProfiles = &apos;{}&apos;, propertySourceLocations = &apos;{}&apos;, propertySourceProperties = &apos;{classpath:persistence-test.properties, classpath:application.properties}&apos;, contextCustomizers = set[[empty]], contextLoader = &apos;org.springframework.test.context.support.AnnotationConfigContextLoader&apos;, parent = [null]], attributes = map[[empty]]]
15:11:56.407 [main] DEBUG org.springframework.test.context.support.AbstractDirtiesContextTestExecutionListener - After test method: context [DefaultTestContext@727803de testClass = CustomerDaoTest, testInstance = cz.mdostal.monolithicshop.dao.CustomerDaoTest@58eac00e, testMethod = testDeleteCustomer@CustomerDaoTest, testException = java.lang.AssertionError, mergedContextConfiguration = [MergedContextConfiguration@704921a5 testClass = CustomerDaoTest, locations = &apos;{}&apos;, classes = &apos;{class cz.mdostal.monolithicshop.configuration.PersistenceConfiguration, class cz.mdostal.monolithicshop.configuration.AppConfiguration}&apos;, contextInitializerClasses = &apos;[]&apos;, activeProfiles = &apos;{}&apos;, propertySourceLocations = &apos;{}&apos;, propertySourceProperties = &apos;{classpath:persistence-test.properties, classpath:application.properties}&apos;, contextCustomizers = set[[empty]], contextLoader = &apos;org.springframework.test.context.support.AnnotationConfigContextLoader&apos;, parent = [null]], attributes = map[[empty]]], class annotated with @DirtiesContext [false] with mode [null], method annotated with @DirtiesContext [false] with mode [null].
</system-out>
  </testcase>
</testsuite>